2012/07/12 10:40:00 INFO Running 193.140.0.6.cfg 
2012/07/12 10:40:01 INFO Running 193.140.0.7.cfg 
2012/07/12 10:40:02 INFO Running 193.140.0.4.cfg 
2012/07/12 10:40:06 INFO Running 193.140.0.5.cfg 
2012/07/12 10:40:10 INFO  -2012-07-12 10:40:07: WARNING: Could not match host:'public@193.140.0.5:::::3' ref:'Descr' key:'GigabitEthernet0/1' 
2012/07/12 10:40:10 INFO  -2012-07-12 10:40:10: ERROR: Target[boun-191][_IN_] ' $target->[43]{$mode} ' did not eval into defined data 
2012/07/12 10:40:10 INFO  -2012-07-12 10:40:10: ERROR: Target[boun-191][_OUT_] ' $target->[43]{$mode} ' did not eval into defined data 
2012/07/12 10:45:01 INFO Running 193.140.0.6.cfg 
2012/07/12 10:45:02 INFO Running 193.140.0.7.cfg 
2012/07/12 10:45:03 INFO Running 193.140.0.4.cfg 
2012/07/12 10:45:04 INFO Running 193.140.0.5.cfg 
2012/07/12 10:45:08 INFO  -2012-07-12 10:45:05: WARNING: Could not match host:'public@193.140.0.5:::::3' ref:'Descr' key:'GigabitEthernet0/1' 
2012/07/12 10:45:08 INFO  -2012-07-12 10:45:08: ERROR: Target[boun-191][_IN_] ' $target->[43]{$mode} ' did not eval into defined data 
2012/07/12 10:45:08 INFO  -2012-07-12 10:45:08: ERROR: Target[boun-191][_OUT_] ' $target->[43]{$mode} ' did not eval into defined data 
2012/07/12 10:50:00 INFO Running 193.140.0.6.cfg 
2012/07/12 10:50:01 INFO Running 193.140.0.7.cfg 
2012/07/12 10:50:02 INFO Running 193.140.0.4.cfg 
2012/07/12 10:50:04 INFO Running 193.140.0.5.cfg 
2012/07/12 10:50:09 INFO  -2012-07-12 10:50:05: WARNING: Could not match host:'public@193.140.0.5:::::3' ref:'Descr' key:'GigabitEthernet0/1' 
2012/07/12 10:50:09 INFO  -2012-07-12 10:50:08: ERROR: Target[boun-191][_IN_] ' $target->[43]{$mode} ' did not eval into defined data 
2012/07/12 10:50:09 INFO  -2012-07-12 10:50:08: ERROR: Target[boun-191][_OUT_] ' $target->[43]{$mode} ' did not eval into defined data 
2012/07/12 10:55:01 INFO Running 193.140.0.6.cfg 
2012/07/12 10:55:02 INFO Running 193.140.0.7.cfg 
2012/07/12 10:55:02 INFO Running 193.140.0.4.cfg 
2012/07/12 10:55:04 INFO Running 193.140.0.5.cfg 
2012/07/12 10:55:08 INFO  -2012-07-12 10:55:05: WARNING: Could not match host:'public@193.140.0.5:::::3' ref:'Descr' key:'GigabitEthernet0/1' 
2012/07/12 10:55:08 INFO  -2012-07-12 10:55:08: ERROR: Target[boun-191][_IN_] ' $target->[43]{$mode} ' did not eval into defined data 
2012/07/12 10:55:08 INFO  -2012-07-12 10:55:08: ERROR: Target[boun-191][_OUT_] ' $target->[43]{$mode} ' did not eval into defined data 
2012/07/12 11:00:00 INFO Running 193.140.0.6.cfg 
2012/07/12 11:00:02 INFO Running 193.140.0.7.cfg 
2012/07/12 11:00:03 INFO Running 193.140.0.4.cfg 
2012/07/12 11:00:05 INFO Running 193.140.0.5.cfg 
2012/07/12 11:00:10 INFO  -2012-07-12 11:00:06: WARNING: Could not match host:'public@193.140.0.5:::::3' ref:'Descr' key:'GigabitEthernet0/1' 
2012/07/12 11:00:10 INFO  -2012-07-12 11:00:09: ERROR: Target[boun-191][_IN_] ' $target->[43]{$mode} ' did not eval into defined data 
2012/07/12 11:00:10 INFO  -2012-07-12 11:00:09: ERROR: Target[boun-191][_OUT_] ' $target->[43]{$mode} ' did not eval into defined data 
2012/07/12 11:05:00 INFO Running 193.140.0.6.cfg 
2012/07/12 11:05:01 INFO Running 193.140.0.7.cfg 
2012/07/12 11:05:02 INFO Running 193.140.0.4.cfg 
2012/07/12 11:05:04 INFO Running 193.140.0.5.cfg 
2012/07/12 11:05:08 INFO  -2012-07-12 11:05:04: WARNING: Could not match host:'public@193.140.0.5:::::3' ref:'Descr' key:'GigabitEthernet0/1' 
2012/07/12 11:05:08 INFO  -2012-07-12 11:05:08: ERROR: Target[boun-191][_IN_] ' $target->[43]{$mode} ' did not eval into defined data 
2012/07/12 11:05:08 INFO  -2012-07-12 11:05:08: ERROR: Target[boun-191][_OUT_] ' $target->[43]{$mode} ' did not eval into defined data 
2012/07/12 11:10:01 INFO Running 193.140.0.6.cfg 
2012/07/12 11:10:02 INFO Running 193.140.0.7.cfg 
2012/07/12 11:10:03 INFO Running 193.140.0.4.cfg 
2012/07/12 11:10:05 INFO Running 193.140.0.5.cfg 
2012/07/12 11:10:09 INFO  -2012-07-12 11:10:06: WARNING: Could not match host:'public@193.140.0.5:::::3' ref:'Descr' key:'GigabitEthernet0/1' 
2012/07/12 11:10:09 INFO  -2012-07-12 11:10:09: ERROR: Target[boun-191][_IN_] ' $target->[43]{$mode} ' did not eval into defined data 
2012/07/12 11:10:09 INFO  -2012-07-12 11:10:09: ERROR: Target[boun-191][_OUT_] ' $target->[43]{$mode} ' did not eval into defined data 
2012/07/12 11:15:00 INFO Running 193.140.0.6.cfg 
2012/07/12 11:15:01 INFO Running 193.140.0.7.cfg 
2012/07/12 11:15:02 INFO Running 193.140.0.4.cfg 
2012/07/12 11:15:04 INFO Running 193.140.0.5.cfg 
2012/07/12 11:15:08 INFO  -2012-07-12 11:15:05: WARNING: Could not match host:'public@193.140.0.5:::::3' ref:'Descr' key:'GigabitEthernet0/1' 
2012/07/12 11:15:08 INFO  -2012-07-12 11:15:08: ERROR: Target[boun-191][_IN_] ' $target->[43]{$mode} ' did not eval into defined data 
2012/07/12 11:15:08 INFO  -2012-07-12 11:15:08: ERROR: Target[boun-191][_OUT_] ' $target->[43]{$mode} ' did not eval into defined data 
2012/07/12 11:20:00 INFO Running 193.140.0.6.cfg 
2012/07/12 11:20:02 INFO Running 193.140.0.7.cfg 
2012/07/12 11:20:02 INFO Running 193.140.0.4.cfg 
2012/07/12 11:20:05 INFO Running 193.140.0.5.cfg 
2012/07/12 11:20:09 INFO  -2012-07-12 11:20:05: WARNING: Could not match host:'public@193.140.0.5:::::3' ref:'Descr' key:'GigabitEthernet0/1' 
2012/07/12 11:20:09 INFO  -2012-07-12 11:20:08: ERROR: Target[boun-191][_IN_] ' $target->[43]{$mode} ' did not eval into defined data 
2012/07/12 11:20:09 INFO  -2012-07-12 11:20:08: ERROR: Target[boun-191][_OUT_] ' $target->[43]{$mode} ' did not eval into defined data 
2012/07/12 11:25:00 INFO Running 193.140.0.6.cfg 
2012/07/12 11:25:02 INFO Running 193.140.0.7.cfg 
2012/07/12 11:25:02 INFO Running 193.140.0.4.cfg 
2012/07/12 11:25:04 INFO Running 193.140.0.5.cfg 
2012/07/12 11:25:08 INFO  -2012-07-12 11:25:05: WARNING: Could not match host:'public@193.140.0.5:::::3' ref:'Descr' key:'GigabitEthernet0/1' 
2012/07/12 11:25:08 INFO  -2012-07-12 11:25:08: ERROR: Target[boun-191][_IN_] ' $target->[43]{$mode} ' did not eval into defined data 
2012/07/12 11:25:08 INFO  -2012-07-12 11:25:08: ERROR: Target[boun-191][_OUT_] ' $target->[43]{$mode} ' did not eval into defined data 
2012/07/12 11:30:00 INFO Running 193.140.0.6.cfg 
2012/07/12 11:30:01 INFO Running 193.140.0.7.cfg 
2012/07/12 11:30:02 INFO Running 193.140.0.4.cfg 
2012/07/12 11:30:05 INFO Running 193.140.0.5.cfg 
2012/07/12 11:30:08 INFO  -2012-07-12 11:30:05: WARNING: Could not match host:'public@193.140.0.5:::::3' ref:'Descr' key:'GigabitEthernet0/1' 
2012/07/12 11:30:08 INFO  -2012-07-12 11:30:08: ERROR: Target[boun-191][_IN_] ' $target->[43]{$mode} ' did not eval into defined data 
2012/07/12 11:30:08 INFO  -2012-07-12 11:30:08: ERROR: Target[boun-191][_OUT_] ' $target->[43]{$mode} ' did not eval into defined data 
2012/07/12 11:35:01 INFO Running 193.140.0.6.cfg 
2012/07/12 11:35:02 INFO Running 193.140.0.7.cfg 
2012/07/12 11:35:03 INFO Running 193.140.0.4.cfg 
2012/07/12 11:35:05 INFO Running 193.140.0.5.cfg 
2012/07/12 11:35:09 INFO  -2012-07-12 11:35:05: WARNING: Could not match host:'public@193.140.0.5:::::3' ref:'Descr' key:'GigabitEthernet0/1' 
2012/07/12 11:35:09 INFO  -2012-07-12 11:35:08: ERROR: Target[boun-191][_IN_] ' $target->[43]{$mode} ' did not eval into defined data 
2012/07/12 11:35:09 INFO  -2012-07-12 11:35:08: ERROR: Target[boun-191][_OUT_] ' $target->[43]{$mode} ' did not eval into defined data 
2012/07/12 11:40:01 INFO Running 193.140.0.6.cfg 
2012/07/12 11:40:02 INFO Running 193.140.0.7.cfg 
2012/07/12 11:40:03 INFO Running 193.140.0.4.cfg 
2012/07/12 11:40:05 INFO Running 193.140.0.5.cfg 
2012/07/12 11:40:09 INFO  -2012-07-12 11:40:05: WARNING: Could not match host:'public@193.140.0.5:::::3' ref:'Descr' key:'GigabitEthernet0/1' 
2012/07/12 11:40:09 INFO  -2012-07-12 11:40:09: ERROR: Target[boun-191][_IN_] ' $target->[43]{$mode} ' did not eval into defined data 
2012/07/12 11:40:09 INFO  -2012-07-12 11:40:09: ERROR: Target[boun-191][_OUT_] ' $target->[43]{$mode} ' did not eval into defined data 
2012/07/12 11:45:00 INFO Running 193.140.0.6.cfg 
2012/07/12 11:45:02 INFO Running 193.140.0.7.cfg 
2012/07/12 11:45:02 INFO Running 193.140.0.4.cfg 
2012/07/12 11:45:04 INFO Running 193.140.0.5.cfg 
2012/07/12 11:45:08 INFO  -2012-07-12 11:45:05: WARNING: Could not match host:'public@193.140.0.5:::::3' ref:'Descr' key:'GigabitEthernet0/1' 
2012/07/12 11:45:08 INFO  -2012-07-12 11:45:08: ERROR: Target[boun-191][_IN_] ' $target->[43]{$mode} ' did not eval into defined data 
2012/07/12 11:45:08 INFO  -2012-07-12 11:45:08: ERROR: Target[boun-191][_OUT_] ' $target->[43]{$mode} ' did not eval into defined data 
2012/07/12 11:50:01 INFO Running 193.140.0.6.cfg 
2012/07/12 11:50:02 INFO Running 193.140.0.7.cfg 
2012/07/12 11:50:03 INFO Running 193.140.0.4.cfg 
2012/07/12 11:50:05 INFO Running 193.140.0.5.cfg 
2012/07/12 11:50:09 INFO  -2012-07-12 11:50:06: WARNING: Could not match host:'public@193.140.0.5:::::3' ref:'Descr' key:'GigabitEthernet0/1' 
2012/07/12 11:50:09 INFO  -2012-07-12 11:50:09: ERROR: Target[boun-191][_IN_] ' $target->[43]{$mode} ' did not eval into defined data 
2012/07/12 11:50:09 INFO  -2012-07-12 11:50:09: ERROR: Target[boun-191][_OUT_] ' $target->[43]{$mode} ' did not eval into defined data 
2012/07/12 11:55:00 INFO Running 193.140.0.6.cfg 
2012/07/12 11:55:01 INFO Running 193.140.0.7.cfg 
2012/07/12 11:55:02 INFO Running 193.140.0.4.cfg 
2012/07/12 11:55:04 INFO Running 193.140.0.5.cfg 
2012/07/12 11:55:08 INFO  -2012-07-12 11:55:05: WARNING: Could not match host:'public@193.140.0.5:::::3' ref:'Descr' key:'GigabitEthernet0/1' 
2012/07/12 11:55:08 INFO  -2012-07-12 11:55:08: ERROR: Target[boun-191][_IN_] ' $target->[43]{$mode} ' did not eval into defined data 
2012/07/12 11:55:08 INFO  -2012-07-12 11:55:08: ERROR: Target[boun-191][_OUT_] ' $target->[43]{$mode} ' did not eval into defined data 
2012/07/12 12:00:01 INFO Running 193.140.0.6.cfg 
2012/07/12 12:00:03 INFO Running 193.140.0.7.cfg 
2012/07/12 12:00:03 INFO Running 193.140.0.4.cfg 
2012/07/12 12:00:12 INFO Running 193.140.0.5.cfg 
2012/07/12 12:00:16 INFO  -2012-07-12 12:00:12: WARNING: Could not match host:'public@193.140.0.5:::::3' ref:'Descr' key:'GigabitEthernet0/1' 
2012/07/12 12:00:16 INFO  -2012-07-12 12:00:16: ERROR: Target[boun-191][_IN_] ' $target->[43]{$mode} ' did not eval into defined data 
2012/07/12 12:00:16 INFO  -2012-07-12 12:00:16: ERROR: Target[boun-191][_OUT_] ' $target->[43]{$mode} ' did not eval into defined data 
2012/07/12 12:05:01 INFO Running 193.140.0.6.cfg 
2012/07/12 12:05:02 INFO Running 193.140.0.7.cfg 
2012/07/12 12:05:02 INFO Running 193.140.0.4.cfg 
2012/07/12 12:05:04 INFO Running 193.140.0.5.cfg 
2012/07/12 12:05:08 INFO  -2012-07-12 12:05:05: WARNING: Could not match host:'public@193.140.0.5:::::3' ref:'Descr' key:'GigabitEthernet0/1' 
2012/07/12 12:05:08 INFO  -2012-07-12 12:05:08: ERROR: Target[boun-191][_IN_] ' $target->[43]{$mode} ' did not eval into defined data 
2012/07/12 12:05:08 INFO  -2012-07-12 12:05:08: ERROR: Target[boun-191][_OUT_] ' $target->[43]{$mode} ' did not eval into defined data 
2012/07/12 12:10:00 INFO Running 193.140.0.6.cfg 
2012/07/12 12:10:01 INFO Running 193.140.0.7.cfg 
2012/07/12 12:10:02 INFO Running 193.140.0.4.cfg 
2012/07/12 12:10:04 INFO Running 193.140.0.5.cfg 
2012/07/12 12:10:08 INFO  -2012-07-12 12:10:05: WARNING: Could not match host:'public@193.140.0.5:::::3' ref:'Descr' key:'GigabitEthernet0/1' 
2012/07/12 12:10:08 INFO  -2012-07-12 12:10:08: ERROR: Target[boun-191][_IN_] ' $target->[43]{$mode} ' did not eval into defined data 
2012/07/12 12:10:08 INFO  -2012-07-12 12:10:08: ERROR: Target[boun-191][_OUT_] ' $target->[43]{$mode} ' did not eval into defined data 
2012/07/12 12:15:00 INFO Running 193.140.0.6.cfg 
2012/07/12 12:15:01 INFO Running 193.140.0.7.cfg 
2012/07/12 12:15:02 INFO Running 193.140.0.4.cfg 
2012/07/12 12:15:05 INFO Running 193.140.0.5.cfg 
2012/07/12 12:15:09 INFO  -2012-07-12 12:15:05: WARNING: Could not match host:'public@193.140.0.5:::::3' ref:'Descr' key:'GigabitEthernet0/1' 
2012/07/12 12:15:09 INFO  -2012-07-12 12:15:09: ERROR: Target[boun-191][_IN_] ' $target->[43]{$mode} ' did not eval into defined data 
2012/07/12 12:15:09 INFO  -2012-07-12 12:15:09: ERROR: Target[boun-191][_OUT_] ' $target->[43]{$mode} ' did not eval into defined data 
2012/07/12 12:20:00 INFO Running 193.140.0.6.cfg 
2012/07/12 12:20:02 INFO Running 193.140.0.7.cfg 
2012/07/12 12:20:03 INFO Running 193.140.0.4.cfg 
2012/07/12 12:20:05 INFO Running 193.140.0.5.cfg 
2012/07/12 12:20:09 INFO  -2012-07-12 12:20:06: WARNING: Could not match host:'public@193.140.0.5:::::3' ref:'Descr' key:'GigabitEthernet0/1' 
2012/07/12 12:20:09 INFO  -2012-07-12 12:20:09: ERROR: Target[boun-191][_IN_] ' $target->[43]{$mode} ' did not eval into defined data 
2012/07/12 12:20:09 INFO  -2012-07-12 12:20:09: ERROR: Target[boun-191][_OUT_] ' $target->[43]{$mode} ' did not eval into defined data 
2012/07/12 12:25:01 INFO Running 193.140.0.6.cfg 
2012/07/12 12:25:02 INFO Running 193.140.0.7.cfg 
2012/07/12 12:25:02 INFO Running 193.140.0.4.cfg 
2012/07/12 12:25:04 INFO Running 193.140.0.5.cfg 
2012/07/12 12:25:08 INFO  -2012-07-12 12:25:05: WARNING: Could not match host:'public@193.140.0.5:::::3' ref:'Descr' key:'GigabitEthernet0/1' 
2012/07/12 12:25:08 INFO  -2012-07-12 12:25:08: ERROR: Target[boun-191][_IN_] ' $target->[43]{$mode} ' did not eval into defined data 
2012/07/12 12:25:08 INFO  -2012-07-12 12:25:08: ERROR: Target[boun-191][_OUT_] ' $target->[43]{$mode} ' did not eval into defined data 
2012/07/12 12:30:00 INFO Running 193.140.0.6.cfg 
2012/07/12 12:30:02 INFO Running 193.140.0.7.cfg 
2012/07/12 12:30:03 INFO Running 193.140.0.4.cfg 
2012/07/12 12:30:05 INFO Running 193.140.0.5.cfg 
2012/07/12 12:30:09 INFO  -2012-07-12 12:30:05: WARNING: Could not match host:'public@193.140.0.5:::::3' ref:'Descr' key:'GigabitEthernet0/1' 
2012/07/12 12:30:09 INFO  -2012-07-12 12:30:09: ERROR: Target[boun-191][_IN_] ' $target->[43]{$mode} ' did not eval into defined data 
2012/07/12 12:30:09 INFO  -2012-07-12 12:30:09: ERROR: Target[boun-191][_OUT_] ' $target->[43]{$mode} ' did not eval into defined data 
2012/07/12 12:35:01 INFO Running 193.140.0.6.cfg 
2012/07/12 12:35:02 INFO Running 193.140.0.7.cfg 
2012/07/12 12:35:03 INFO Running 193.140.0.4.cfg 
2012/07/12 12:35:05 INFO Running 193.140.0.5.cfg 
2012/07/12 12:35:08 INFO  -2012-07-12 12:35:05: WARNING: Could not match host:'public@193.140.0.5:::::3' ref:'Descr' key:'GigabitEthernet0/1' 
2012/07/12 12:35:08 INFO  -2012-07-12 12:35:08: ERROR: Target[boun-191][_IN_] ' $target->[43]{$mode} ' did not eval into defined data 
2012/07/12 12:35:08 INFO  -2012-07-12 12:35:08: ERROR: Target[boun-191][_OUT_] ' $target->[43]{$mode} ' did not eval into defined data 
2012/07/12 12:40:00 INFO Running 193.140.0.6.cfg 
2012/07/12 12:40:02 INFO Running 193.140.0.7.cfg 
2012/07/12 12:40:03 INFO Running 193.140.0.4.cfg 
2012/07/12 12:40:05 INFO Running 193.140.0.5.cfg 
2012/07/12 12:40:09 INFO  -2012-07-12 12:40:06: WARNING: Could not match host:'public@193.140.0.5:::::3' ref:'Descr' key:'GigabitEthernet0/1' 
2012/07/12 12:40:09 INFO  -2012-07-12 12:40:09: ERROR: Target[boun-191][_IN_] ' $target->[43]{$mode} ' did not eval into defined data 
2012/07/12 12:40:09 INFO  -2012-07-12 12:40:09: ERROR: Target[boun-191][_OUT_] ' $target->[43]{$mode} ' did not eval into defined data 
2012/07/12 12:45:00 INFO Running 193.140.0.6.cfg 
2012/07/12 12:45:01 INFO Running 193.140.0.7.cfg 
2012/07/12 12:45:02 INFO Running 193.140.0.4.cfg 
2012/07/12 12:45:04 INFO Running 193.140.0.5.cfg 
2012/07/12 12:45:08 INFO  -2012-07-12 12:45:04: WARNING: Could not match host:'public@193.140.0.5:::::3' ref:'Descr' key:'GigabitEthernet0/1' 
2012/07/12 12:45:08 INFO  -2012-07-12 12:45:08: ERROR: Target[boun-191][_IN_] ' $target->[43]{$mode} ' did not eval into defined data 
2012/07/12 12:45:08 INFO  -2012-07-12 12:45:08: ERROR: Target[boun-191][_OUT_] ' $target->[43]{$mode} ' did not eval into defined data 
2012/07/12 12:50:01 INFO Running 193.140.0.6.cfg 
2012/07/12 12:50:02 INFO Running 193.140.0.7.cfg 
2012/07/12 12:50:03 INFO Running 193.140.0.4.cfg 
2012/07/12 12:50:05 INFO Running 193.140.0.5.cfg 
2012/07/12 12:50:09 INFO  -2012-07-12 12:50:05: WARNING: Could not match host:'public@193.140.0.5:::::3' ref:'Descr' key:'GigabitEthernet0/1' 
2012/07/12 12:50:09 INFO  -2012-07-12 12:50:09: ERROR: Target[boun-191][_IN_] ' $target->[43]{$mode} ' did not eval into defined data 
2012/07/12 12:50:09 INFO  -2012-07-12 12:50:09: ERROR: Target[boun-191][_OUT_] ' $target->[43]{$mode} ' did not eval into defined data 
2012/07/12 12:55:00 INFO Running 193.140.0.6.cfg 
2012/07/12 12:55:01 INFO Running 193.140.0.7.cfg 
2012/07/12 12:55:02 INFO Running 193.140.0.4.cfg 
2012/07/12 12:55:04 INFO Running 193.140.0.5.cfg 
2012/07/12 12:55:08 INFO  -2012-07-12 12:55:04: WARNING: Could not match host:'public@193.140.0.5:::::3' ref:'Descr' key:'GigabitEthernet0/1' 
2012/07/12 12:55:08 INFO  -2012-07-12 12:55:08: ERROR: Target[boun-191][_IN_] ' $target->[43]{$mode} ' did not eval into defined data 
2012/07/12 12:55:08 INFO  -2012-07-12 12:55:08: ERROR: Target[boun-191][_OUT_] ' $target->[43]{$mode} ' did not eval into defined data 
2012/07/12 13:00:01 INFO Running 193.140.0.6.cfg 
2012/07/12 13:00:02 INFO Running 193.140.0.7.cfg 
2012/07/12 13:00:03 INFO Running 193.140.0.4.cfg 
2012/07/12 13:00:06 INFO Running 193.140.0.5.cfg 
2012/07/12 13:00:10 INFO  -2012-07-12 13:00:06: WARNING: Could not match host:'public@193.140.0.5:::::3' ref:'Descr' key:'GigabitEthernet0/1' 
2012/07/12 13:00:10 INFO  -2012-07-12 13:00:10: ERROR: Target[boun-191][_IN_] ' $target->[43]{$mode} ' did not eval into defined data 
2012/07/12 13:00:10 INFO  -2012-07-12 13:00:10: ERROR: Target[boun-191][_OUT_] ' $target->[43]{$mode} ' did not eval into defined data 
2012/07/12 13:05:01 INFO Running 193.140.0.6.cfg 
2012/07/12 13:05:02 INFO Running 193.140.0.7.cfg 
2012/07/12 13:05:02 INFO Running 193.140.0.4.cfg 
2012/07/12 13:05:04 INFO Running 193.140.0.5.cfg 
2012/07/12 13:05:08 INFO  -2012-07-12 13:05:05: WARNING: Could not match host:'public@193.140.0.5:::::3' ref:'Descr' key:'GigabitEthernet0/1' 
2012/07/12 13:05:08 INFO  -2012-07-12 13:05:08: ERROR: Target[boun-191][_IN_] ' $target->[43]{$mode} ' did not eval into defined data 
2012/07/12 13:05:08 INFO  -2012-07-12 13:05:08: ERROR: Target[boun-191][_OUT_] ' $target->[43]{$mode} ' did not eval into defined data 
2012/07/12 13:10:00 INFO Running 193.140.0.6.cfg 
2012/07/12 13:10:02 INFO Running 193.140.0.7.cfg 
2012/07/12 13:10:02 INFO Running 193.140.0.4.cfg 
2012/07/12 13:10:05 INFO Running 193.140.0.5.cfg 
2012/07/12 13:10:08 INFO  -2012-07-12 13:10:05: WARNING: Could not match host:'public@193.140.0.5:::::3' ref:'Descr' key:'GigabitEthernet0/1' 
2012/07/12 13:10:08 INFO  -2012-07-12 13:10:08: ERROR: Target[boun-191][_IN_] ' $target->[43]{$mode} ' did not eval into defined data 
2012/07/12 13:10:08 INFO  -2012-07-12 13:10:08: ERROR: Target[boun-191][_OUT_] ' $target->[43]{$mode} ' did not eval into defined data 
2012/07/12 13:15:00 INFO Running 193.140.0.6.cfg 
2012/07/12 13:15:01 INFO Running 193.140.0.7.cfg 
2012/07/12 13:15:02 INFO Running 193.140.0.4.cfg 
2012/07/12 13:15:04 INFO Running 193.140.0.5.cfg 
2012/07/12 13:15:08 INFO  -2012-07-12 13:15:04: WARNING: Could not match host:'public@193.140.0.5:::::3' ref:'Descr' key:'GigabitEthernet0/1' 
2012/07/12 13:15:08 INFO  -2012-07-12 13:15:08: ERROR: Target[boun-191][_IN_] ' $target->[43]{$mode} ' did not eval into defined data 
2012/07/12 13:15:08 INFO  -2012-07-12 13:15:08: ERROR: Target[boun-191][_OUT_] ' $target->[43]{$mode} ' did not eval into defined data 
2012/07/12 13:20:00 INFO Running 193.140.0.6.cfg 
2012/07/12 13:20:01 INFO Running 193.140.0.7.cfg 
2012/07/12 13:20:02 INFO Running 193.140.0.4.cfg 
2012/07/12 13:20:04 INFO Running 193.140.0.5.cfg 
2012/07/12 13:20:08 INFO  -2012-07-12 13:20:05: WARNING: Could not match host:'public@193.140.0.5:::::3' ref:'Descr' key:'GigabitEthernet0/1' 
2012/07/12 13:20:08 INFO  -2012-07-12 13:20:08: ERROR: Target[boun-191][_IN_] ' $target->[43]{$mode} ' did not eval into defined data 
2012/07/12 13:20:08 INFO  -2012-07-12 13:20:08: ERROR: Target[boun-191][_OUT_] ' $target->[43]{$mode} ' did not eval into defined data 
2012/07/12 13:25:00 INFO Running 193.140.0.6.cfg 
2012/07/12 13:25:02 INFO Running 193.140.0.7.cfg 
2012/07/12 13:25:03 INFO Running 193.140.0.4.cfg 
2012/07/12 13:25:05 INFO Running 193.140.0.5.cfg 
2012/07/12 13:25:08 INFO  -2012-07-12 13:25:05: WARNING: Could not match host:'public@193.140.0.5:::::3' ref:'Descr' key:'GigabitEthernet0/1' 
2012/07/12 13:25:08 INFO  -2012-07-12 13:25:08: ERROR: Target[boun-191][_IN_] ' $target->[43]{$mode} ' did not eval into defined data 
2012/07/12 13:25:08 INFO  -2012-07-12 13:25:08: ERROR: Target[boun-191][_OUT_] ' $target->[43]{$mode} ' did not eval into defined data 
2012/07/12 13:30:00 INFO Running 193.140.0.6.cfg 
2012/07/12 13:30:01 INFO Running 193.140.0.7.cfg 
2012/07/12 13:30:02 INFO Running 193.140.0.4.cfg 
2012/07/12 13:30:04 INFO Running 193.140.0.5.cfg 
2012/07/12 13:30:08 INFO  -2012-07-12 13:30:05: WARNING: Could not match host:'public@193.140.0.5:::::3' ref:'Descr' key:'GigabitEthernet0/1' 
2012/07/12 13:30:08 INFO  -2012-07-12 13:30:08: ERROR: Target[boun-191][_IN_] ' $target->[43]{$mode} ' did not eval into defined data 
2012/07/12 13:30:08 INFO  -2012-07-12 13:30:08: ERROR: Target[boun-191][_OUT_] ' $target->[43]{$mode} ' did not eval into defined data 
2012/07/12 13:35:00 INFO Running 193.140.0.6.cfg 
2012/07/12 13:35:02 INFO Running 193.140.0.7.cfg 
2012/07/12 13:35:02 INFO Running 193.140.0.4.cfg 
2012/07/12 13:35:05 INFO Running 193.140.0.5.cfg 
2012/07/12 13:35:09 INFO  -2012-07-12 13:35:05: WARNING: Could not match host:'public@193.140.0.5:::::3' ref:'Descr' key:'GigabitEthernet0/1' 
2012/07/12 13:35:09 INFO  -2012-07-12 13:35:08: ERROR: Target[boun-191][_IN_] ' $target->[43]{$mode} ' did not eval into defined data 
2012/07/12 13:35:09 INFO  -2012-07-12 13:35:08: ERROR: Target[boun-191][_OUT_] ' $target->[43]{$mode} ' did not eval into defined data 
2012/07/12 13:40:01 INFO Running 193.140.0.6.cfg 
2012/07/12 13:40:02 INFO Running 193.140.0.7.cfg 
2012/07/12 13:40:03 INFO Running 193.140.0.4.cfg 
2012/07/12 13:40:05 INFO Running 193.140.0.5.cfg 
2012/07/12 13:40:09 INFO  -2012-07-12 13:40:06: WARNING: Could not match host:'public@193.140.0.5:::::3' ref:'Descr' key:'GigabitEthernet0/1' 
2012/07/12 13:40:09 INFO  -2012-07-12 13:40:09: ERROR: Target[boun-191][_IN_] ' $target->[43]{$mode} ' did not eval into defined data 
2012/07/12 13:40:09 INFO  -2012-07-12 13:40:09: ERROR: Target[boun-191][_OUT_] ' $target->[43]{$mode} ' did not eval into defined data 
2012/07/12 13:45:00 INFO Running 193.140.0.6.cfg 
2012/07/12 13:45:01 INFO Running 193.140.0.7.cfg 
2012/07/12 13:45:02 INFO Running 193.140.0.4.cfg 
2012/07/12 13:45:04 INFO Running 193.140.0.5.cfg 
2012/07/12 13:45:08 INFO  -2012-07-12 13:45:04: WARNING: Could not match host:'public@193.140.0.5:::::3' ref:'Descr' key:'GigabitEthernet0/1' 
2012/07/12 13:45:08 INFO  -2012-07-12 13:45:08: ERROR: Target[boun-191][_IN_] ' $target->[43]{$mode} ' did not eval into defined data 
2012/07/12 13:45:08 INFO  -2012-07-12 13:45:08: ERROR: Target[boun-191][_OUT_] ' $target->[43]{$mode} ' did not eval into defined data 
2012/07/12 13:50:00 INFO Running 193.140.0.6.cfg 
2012/07/12 13:50:02 INFO Running 193.140.0.7.cfg 
2012/07/12 13:50:02 INFO Running 193.140.0.4.cfg 
2012/07/12 13:50:05 INFO Running 193.140.0.5.cfg 
2012/07/12 13:50:09 INFO  -2012-07-12 13:50:05: WARNING: Could not match host:'public@193.140.0.5:::::3' ref:'Descr' key:'GigabitEthernet0/1' 
2012/07/12 13:50:09 INFO  -2012-07-12 13:50:09: ERROR: Target[boun-191][_IN_] ' $target->[43]{$mode} ' did not eval into defined data 
2012/07/12 13:50:09 INFO  -2012-07-12 13:50:09: ERROR: Target[boun-191][_OUT_] ' $target->[43]{$mode} ' did not eval into defined data 
2012/07/12 13:55:01 INFO Running 193.140.0.6.cfg 
2012/07/12 13:55:02 INFO Running 193.140.0.7.cfg 
2012/07/12 13:55:02 INFO Running 193.140.0.4.cfg 
2012/07/12 13:55:05 INFO Running 193.140.0.5.cfg 
2012/07/12 13:55:09 INFO  -2012-07-12 13:55:05: WARNING: Could not match host:'public@193.140.0.5:::::3' ref:'Descr' key:'GigabitEthernet0/1' 
2012/07/12 13:55:09 INFO  -2012-07-12 13:55:09: ERROR: Target[boun-191][_IN_] ' $target->[43]{$mode} ' did not eval into defined data 
2012/07/12 13:55:09 INFO  -2012-07-12 13:55:09: ERROR: Target[boun-191][_OUT_] ' $target->[43]{$mode} ' did not eval into defined data 
2012/07/12 14:00:00 INFO Running 193.140.0.6.cfg 
2012/07/12 14:00:02 INFO Running 193.140.0.7.cfg 
2012/07/12 14:00:02 INFO Running 193.140.0.4.cfg 
2012/07/12 14:00:05 INFO Running 193.140.0.5.cfg 
2012/07/12 14:00:09 INFO  -2012-07-12 14:00:05: WARNING: Could not match host:'public@193.140.0.5:::::3' ref:'Descr' key:'GigabitEthernet0/1' 
2012/07/12 14:00:09 INFO  -2012-07-12 14:00:09: ERROR: Target[boun-191][_IN_] ' $target->[43]{$mode} ' did not eval into defined data 
2012/07/12 14:00:09 INFO  -2012-07-12 14:00:09: ERROR: Target[boun-191][_OUT_] ' $target->[43]{$mode} ' did not eval into defined data 
2012/07/12 14:05:00 INFO Running 193.140.0.6.cfg 
2012/07/12 14:05:01 INFO Running 193.140.0.7.cfg 
2012/07/12 14:05:02 INFO Running 193.140.0.4.cfg 
2012/07/12 14:05:04 INFO Running 193.140.0.5.cfg 
2012/07/12 14:05:08 INFO  -2012-07-12 14:05:04: WARNING: Could not match host:'public@193.140.0.5:::::3' ref:'Descr' key:'GigabitEthernet0/1' 
2012/07/12 14:05:08 INFO  -2012-07-12 14:05:08: ERROR: Target[boun-191][_IN_] ' $target->[43]{$mode} ' did not eval into defined data 
2012/07/12 14:05:08 INFO  -2012-07-12 14:05:08: ERROR: Target[boun-191][_OUT_] ' $target->[43]{$mode} ' did not eval into defined data 
2012/07/12 14:15:00 INFO Running 193.140.0.6.cfg 
2012/07/12 14:15:02 INFO Running 193.140.0.7.cfg 
2012/07/12 14:15:03 INFO Running 193.140.0.4.cfg 
2012/07/12 14:15:07 INFO Running 193.140.0.5.cfg 
2012/07/12 14:15:13 INFO  -2012-07-12 14:15:08: WARNING: Could not match host:'public@193.140.0.5:::::3' ref:'Descr' key:'GigabitEthernet0/1' 
2012/07/12 14:15:13 INFO  -2012-07-12 14:15:13: ERROR: Target[boun-191][_IN_] ' $target->[43]{$mode} ' did not eval into defined data 
2012/07/12 14:15:13 INFO  -2012-07-12 14:15:13: ERROR: Target[boun-191][_OUT_] ' $target->[43]{$mode} ' did not eval into defined data 
2012/07/12 14:20:00 INFO Running 193.140.0.6.cfg 
2012/07/12 14:20:01 INFO Running 193.140.0.7.cfg 
2012/07/12 14:20:02 INFO Running 193.140.0.4.cfg 
2012/07/12 14:20:04 INFO Running 193.140.0.5.cfg 
2012/07/12 14:20:08 INFO  -2012-07-12 14:20:05: WARNING: Could not match host:'public@193.140.0.5:::::3' ref:'Descr' key:'GigabitEthernet0/1' 
2012/07/12 14:20:08 INFO  -2012-07-12 14:20:08: ERROR: Target[boun-191][_IN_] ' $target->[43]{$mode} ' did not eval into defined data 
2012/07/12 14:20:08 INFO  -2012-07-12 14:20:08: ERROR: Target[boun-191][_OUT_] ' $target->[43]{$mode} ' did not eval into defined data 
2012/07/12 14:25:01 INFO Running 193.140.0.6.cfg 
2012/07/12 14:25:02 INFO Running 193.140.0.7.cfg 
2012/07/12 14:25:03 INFO Running 193.140.0.4.cfg 
2012/07/12 14:25:05 INFO Running 193.140.0.5.cfg 
2012/07/12 14:25:08 INFO  -2012-07-12 14:25:05: WARNING: Could not match host:'public@193.140.0.5:::::3' ref:'Descr' key:'GigabitEthernet0/1' 
2012/07/12 14:25:08 INFO  -2012-07-12 14:25:08: ERROR: Target[boun-191][_IN_] ' $target->[43]{$mode} ' did not eval into defined data 
2012/07/12 14:25:08 INFO  -2012-07-12 14:25:08: ERROR: Target[boun-191][_OUT_] ' $target->[43]{$mode} ' did not eval into defined data 
2012/07/12 14:30:00 INFO Running 193.140.0.6.cfg 
2012/07/12 14:30:02 INFO Running 193.140.0.7.cfg 
2012/07/12 14:30:02 INFO Running 193.140.0.4.cfg 
2012/07/12 14:30:05 INFO Running 193.140.0.5.cfg 
2012/07/12 14:30:09 INFO  -2012-07-12 14:30:05: WARNING: Could not match host:'public@193.140.0.5:::::3' ref:'Descr' key:'GigabitEthernet0/1' 
2012/07/12 14:30:09 INFO  -2012-07-12 14:30:09: ERROR: Target[boun-191][_IN_] ' $target->[43]{$mode} ' did not eval into defined data 
2012/07/12 14:30:09 INFO  -2012-07-12 14:30:09: ERROR: Target[boun-191][_OUT_] ' $target->[43]{$mode} ' did not eval into defined data 
2012/07/12 14:35:01 INFO Running 193.140.0.6.cfg 
2012/07/12 14:35:02 INFO Running 193.140.0.7.cfg 
2012/07/12 14:35:03 INFO Running 193.140.0.4.cfg 
2012/07/12 14:35:05 INFO Running 193.140.0.5.cfg 
2012/07/12 14:35:09 INFO  -2012-07-12 14:35:05: WARNING: Could not match host:'public@193.140.0.5:::::3' ref:'Descr' key:'GigabitEthernet0/1' 
2012/07/12 14:35:09 INFO  -2012-07-12 14:35:08: ERROR: Target[boun-191][_IN_] ' $target->[43]{$mode} ' did not eval into defined data 
2012/07/12 14:35:09 INFO  -2012-07-12 14:35:08: ERROR: Target[boun-191][_OUT_] ' $target->[43]{$mode} ' did not eval into defined data 
2012/07/12 14:40:00 INFO Running 193.140.0.6.cfg 
2012/07/12 14:40:02 INFO Running 193.140.0.7.cfg 
2012/07/12 14:40:03 INFO Running 193.140.0.4.cfg 
2012/07/12 14:40:05 INFO Running 193.140.0.5.cfg 
2012/07/12 14:40:09 INFO  -2012-07-12 14:40:05: WARNING: Could not match host:'public@193.140.0.5:::::3' ref:'Descr' key:'GigabitEthernet0/1' 
2012/07/12 14:40:09 INFO  -2012-07-12 14:40:09: ERROR: Target[boun-191][_IN_] ' $target->[43]{$mode} ' did not eval into defined data 
2012/07/12 14:40:09 INFO  -2012-07-12 14:40:09: ERROR: Target[boun-191][_OUT_] ' $target->[43]{$mode} ' did not eval into defined data 
2012/07/12 14:45:00 INFO Running 193.140.0.6.cfg 
2012/07/12 14:45:01 INFO Running 193.140.0.7.cfg 
2012/07/12 14:45:02 INFO Running 193.140.0.4.cfg 
2012/07/12 14:45:04 INFO Running 193.140.0.5.cfg 
2012/07/12 14:45:08 INFO  -2012-07-12 14:45:04: WARNING: Could not match host:'public@193.140.0.5:::::3' ref:'Descr' key:'GigabitEthernet0/1' 
2012/07/12 14:45:08 INFO  -2012-07-12 14:45:08: ERROR: Target[boun-191][_IN_] ' $target->[43]{$mode} ' did not eval into defined data 
2012/07/12 14:45:08 INFO  -2012-07-12 14:45:08: ERROR: Target[boun-191][_OUT_] ' $target->[43]{$mode} ' did not eval into defined data 
2012/07/12 14:50:01 INFO Running 193.140.0.6.cfg 
2012/07/12 14:50:02 INFO Running 193.140.0.7.cfg 
2012/07/12 14:50:03 INFO Running 193.140.0.4.cfg 
2012/07/12 14:50:05 INFO Running 193.140.0.5.cfg 
2012/07/12 14:50:09 INFO  -2012-07-12 14:50:06: WARNING: Could not match host:'public@193.140.0.5:::::3' ref:'Descr' key:'GigabitEthernet0/1' 
2012/07/12 14:50:09 INFO  -2012-07-12 14:50:09: ERROR: Target[boun-191][_IN_] ' $target->[43]{$mode} ' did not eval into defined data 
2012/07/12 14:50:09 INFO  -2012-07-12 14:50:09: ERROR: Target[boun-191][_OUT_] ' $target->[43]{$mode} ' did not eval into defined data 
2012/07/12 14:55:01 INFO Running 193.140.0.6.cfg 
2012/07/12 14:55:02 INFO Running 193.140.0.7.cfg 
2012/07/12 14:55:02 INFO Running 193.140.0.4.cfg 
2012/07/12 14:55:05 INFO Running 193.140.0.5.cfg 
2012/07/12 14:55:09 INFO  -2012-07-12 14:55:05: WARNING: Could not match host:'public@193.140.0.5:::::3' ref:'Descr' key:'GigabitEthernet0/1' 
2012/07/12 14:55:09 INFO  -2012-07-12 14:55:08: ERROR: Target[boun-191][_IN_] ' $target->[43]{$mode} ' did not eval into defined data 
2012/07/12 14:55:09 INFO  -2012-07-12 14:55:08: ERROR: Target[boun-191][_OUT_] ' $target->[43]{$mode} ' did not eval into defined data 
2012/07/12 15:10:00 INFO Running 193.140.0.6.cfg 
2012/07/12 15:10:01 INFO  -2012-07-12 15:10:01: ERROR: Creating templock /usr/local/etc/mrtg/uc/bps/193.140.0.6.cfg_l_77680: Permission denied at /usr/local/bin/mrtg line 1968. 
2012/07/12 15:10:01 INFO Running 193.140.0.7.cfg 
2012/07/12 15:10:01 INFO  -2012-07-12 15:10:01: ERROR: Creating templock /usr/local/etc/mrtg/uc/bps/193.140.0.7.cfg_l_77772: Permission denied at /usr/local/bin/mrtg line 1968. 
2012/07/12 15:10:01 INFO Running 193.140.0.4.cfg 
2012/07/12 15:10:02 INFO  -2012-07-12 15:10:02: ERROR: Creating templock /usr/local/etc/mrtg/uc/bps/193.140.0.4.cfg_l_77833: Permission denied at /usr/local/bin/mrtg line 1968. 
2012/07/12 15:10:02 INFO Running 193.140.0.5.cfg 
2012/07/12 15:10:02 INFO  -2012-07-12 15:10:02: ERROR: Creating templock /usr/local/etc/mrtg/uc/bps/193.140.0.5.cfg_l_77924: Permission denied at /usr/local/bin/mrtg line 1968. 
2012/07/12 15:10:02 INFO Running 193.140.0.6_pps.cfg 
2012/07/12 15:10:02 INFO  -2012-07-12 15:10:02: ERROR: Creating templock /usr/local/etc/mrtg/uc/pps/193.140.0.6_pps.cfg_l_78014: Permission denied at /usr/local/bin/mrtg line 1968. 
2012/07/12 15:10:02 INFO Running 193.140.0.7_pps.cfg 
2012/07/12 15:10:03 INFO  -2012-07-12 15:10:03: ERROR: Creating templock /usr/local/etc/mrtg/uc/pps/193.140.0.7_pps.cfg_l_78061: Permission denied at /usr/local/bin/mrtg line 1968. 
2012/07/12 15:10:03 INFO Running 193.140.0.4_pps.cfg 
2012/07/12 15:10:03 INFO  -2012-07-12 15:10:03: ERROR: Creating templock /usr/local/etc/mrtg/uc/pps/193.140.0.4_pps.cfg_l_78083: Permission denied at /usr/local/bin/mrtg line 1968. 
2012/07/12 15:10:03 INFO Running 193.140.0.5_pps.cfg 
2012/07/12 15:10:03 INFO  -2012-07-12 15:10:03: ERROR: Creating templock /usr/local/etc/mrtg/uc/pps/193.140.0.5_pps.cfg_l_78110: Permission denied at /usr/local/bin/mrtg line 1968. 
2012/07/12 15:15:00 INFO Running 193.140.0.6.cfg 
2012/07/12 15:15:00 INFO  -2012-07-12 15:15:00: ERROR: Creating templock /usr/local/etc/mrtg/uc/bps/193.140.0.6.cfg_l_81683: Permission denied at /usr/local/bin/mrtg line 1968. 
2012/07/12 15:15:00 INFO Running 193.140.0.7.cfg 
2012/07/12 15:15:01 INFO  -2012-07-12 15:15:01: ERROR: Creating templock /usr/local/etc/mrtg/uc/bps/193.140.0.7.cfg_l_81736: Permission denied at /usr/local/bin/mrtg line 1968. 
2012/07/12 15:15:01 INFO Running 193.140.0.4.cfg 
2012/07/12 15:15:01 INFO  -2012-07-12 15:15:01: ERROR: Creating templock /usr/local/etc/mrtg/uc/bps/193.140.0.4.cfg_l_81804: Permission denied at /usr/local/bin/mrtg line 1968. 
2012/07/12 15:15:01 INFO Running 193.140.0.5.cfg 
2012/07/12 15:15:01 INFO  -2012-07-12 15:15:01: ERROR: Creating templock /usr/local/etc/mrtg/uc/bps/193.140.0.5.cfg_l_81867: Permission denied at /usr/local/bin/mrtg line 1968. 
2012/07/12 15:15:01 INFO Running 193.140.0.6_pps.cfg 
2012/07/12 15:15:02 INFO  -2012-07-12 15:15:02: ERROR: Creating templock /usr/local/etc/mrtg/uc/pps/193.140.0.6_pps.cfg_l_81923: Permission denied at /usr/local/bin/mrtg line 1968. 
2012/07/12 15:15:02 INFO Running 193.140.0.7_pps.cfg 
2012/07/12 15:15:02 INFO  -2012-07-12 15:15:02: ERROR: Creating templock /usr/local/etc/mrtg/uc/pps/193.140.0.7_pps.cfg_l_81991: Permission denied at /usr/local/bin/mrtg line 1968. 
2012/07/12 15:15:02 INFO Running 193.140.0.4_pps.cfg 
2012/07/12 15:15:02 INFO  -2012-07-12 15:15:02: ERROR: Creating templock /usr/local/etc/mrtg/uc/pps/193.140.0.4_pps.cfg_l_82031: Permission denied at /usr/local/bin/mrtg line 1968. 
2012/07/12 15:15:02 INFO Running 193.140.0.5_pps.cfg 
2012/07/12 15:15:03 INFO  -2012-07-12 15:15:03: ERROR: Creating templock /usr/local/etc/mrtg/uc/pps/193.140.0.5_pps.cfg_l_82083: Permission denied at /usr/local/bin/mrtg line 1968. 
2012/07/12 15:20:01 INFO Running 193.140.0.6.cfg 
2012/07/12 15:20:01 INFO  -2012-07-12 15:20:01: ERROR: Creating templock /usr/local/etc/mrtg/uc/bps/193.140.0.6.cfg_l_85660: Permission denied at /usr/local/bin/mrtg line 1968. 
2012/07/12 15:20:01 INFO Running 193.140.0.7.cfg 
2012/07/12 15:20:02 INFO  -2012-07-12 15:20:02: ERROR: Creating templock /usr/local/etc/mrtg/uc/bps/193.140.0.7.cfg_l_85753: Permission denied at /usr/local/bin/mrtg line 1968. 
2012/07/12 15:20:02 INFO Running 193.140.0.4.cfg 
2012/07/12 15:20:02 INFO  -2012-07-12 15:20:02: ERROR: Creating templock /usr/local/etc/mrtg/uc/bps/193.140.0.4.cfg_l_85856: Permission denied at /usr/local/bin/mrtg line 1968. 
2012/07/12 15:20:02 INFO Running 193.140.0.5.cfg 
2012/07/12 15:20:03 INFO  -2012-07-12 15:20:03: ERROR: Creating templock /usr/local/etc/mrtg/uc/bps/193.140.0.5.cfg_l_85937: Permission denied at /usr/local/bin/mrtg line 1968. 
2012/07/12 15:20:03 INFO Running 193.140.0.6_pps.cfg 
2012/07/12 15:20:03 INFO  -2012-07-12 15:20:03: ERROR: Creating templock /usr/local/etc/mrtg/uc/pps/193.140.0.6_pps.cfg_l_86027: Permission denied at /usr/local/bin/mrtg line 1968. 
2012/07/12 15:20:03 INFO Running 193.140.0.7_pps.cfg 
2012/07/12 15:20:03 INFO  -2012-07-12 15:20:03: ERROR: Creating templock /usr/local/etc/mrtg/uc/pps/193.140.0.7_pps.cfg_l_86042: Permission denied at /usr/local/bin/mrtg line 1968. 
2012/07/12 15:20:03 INFO Running 193.140.0.4_pps.cfg 
2012/07/12 15:20:04 INFO  -2012-07-12 15:20:04: ERROR: Creating templock /usr/local/etc/mrtg/uc/pps/193.140.0.4_pps.cfg_l_86084: Permission denied at /usr/local/bin/mrtg line 1968. 
2012/07/12 15:20:04 INFO Running 193.140.0.5_pps.cfg 
2012/07/12 15:20:04 INFO  -2012-07-12 15:20:04: ERROR: Creating templock /usr/local/etc/mrtg/uc/pps/193.140.0.5_pps.cfg_l_86136: Permission denied at /usr/local/bin/mrtg line 1968. 
2012/07/12 15:25:00 INFO Running 193.140.0.6.cfg 
2012/07/12 15:25:01 INFO  -2012-07-12 15:25:01: ERROR: Creating templock /usr/local/etc/mrtg/uc/bps/193.140.0.6.cfg_l_89616: Permission denied at /usr/local/bin/mrtg line 1968. 
2012/07/12 15:25:01 INFO Running 193.140.0.7.cfg 
2012/07/12 15:25:01 INFO  -2012-07-12 15:25:01: ERROR: Creating templock /usr/local/etc/mrtg/uc/bps/193.140.0.7.cfg_l_89678: Permission denied at /usr/local/bin/mrtg line 1968. 
2012/07/12 15:25:01 INFO Running 193.140.0.4.cfg 
2012/07/12 15:25:01 INFO  -2012-07-12 15:25:01: ERROR: Creating templock /usr/local/etc/mrtg/uc/bps/193.140.0.4.cfg_l_89731: Permission denied at /usr/local/bin/mrtg line 1968. 
2012/07/12 15:25:01 INFO Running 193.140.0.5.cfg 
2012/07/12 15:25:02 INFO  -2012-07-12 15:25:02: ERROR: Creating templock /usr/local/etc/mrtg/uc/bps/193.140.0.5.cfg_l_89754: Permission denied at /usr/local/bin/mrtg line 1968. 
2012/07/12 15:25:02 INFO Running 193.140.0.6_pps.cfg 
2012/07/12 15:25:02 INFO  -2012-07-12 15:25:02: ERROR: Creating templock /usr/local/etc/mrtg/uc/pps/193.140.0.6_pps.cfg_l_89838: Permission denied at /usr/local/bin/mrtg line 1968. 
2012/07/12 15:25:02 INFO Running 193.140.0.7_pps.cfg 
2012/07/12 15:25:02 INFO  -2012-07-12 15:25:02: ERROR: Creating templock /usr/local/etc/mrtg/uc/pps/193.140.0.7_pps.cfg_l_89918: Permission denied at /usr/local/bin/mrtg line 1968. 
2012/07/12 15:25:02 INFO Running 193.140.0.4_pps.cfg 
2012/07/12 15:25:03 INFO  -2012-07-12 15:25:03: ERROR: Creating templock /usr/local/etc/mrtg/uc/pps/193.140.0.4_pps.cfg_l_89980: Permission denied at /usr/local/bin/mrtg line 1968. 
2012/07/12 15:25:03 INFO Running 193.140.0.5_pps.cfg 
2012/07/12 15:25:03 INFO  -2012-07-12 15:25:03: ERROR: Creating templock /usr/local/etc/mrtg/uc/pps/193.140.0.5_pps.cfg_l_90032: Permission denied at /usr/local/bin/mrtg line 1968. 
2012/07/12 15:30:01 INFO Running 193.140.0.6.cfg 
2012/07/12 15:30:01 INFO  -2012-07-12 15:30:01: ERROR: Creating templock /usr/local/etc/mrtg/uc/bps/193.140.0.6.cfg_l_93504: Permission denied at /usr/local/bin/mrtg line 1968. 
2012/07/12 15:30:01 INFO Running 193.140.0.7.cfg 
2012/07/12 15:30:01 INFO  -2012-07-12 15:30:01: ERROR: Creating templock /usr/local/etc/mrtg/uc/bps/193.140.0.7.cfg_l_93566: Permission denied at /usr/local/bin/mrtg line 1968. 
2012/07/12 15:30:01 INFO Running 193.140.0.4.cfg 
2012/07/12 15:30:02 INFO  -2012-07-12 15:30:02: ERROR: Creating templock /usr/local/etc/mrtg/uc/bps/193.140.0.4.cfg_l_93624: Permission denied at /usr/local/bin/mrtg line 1968. 
2012/07/12 15:30:02 INFO Running 193.140.0.5.cfg 
2012/07/12 15:30:02 INFO  -2012-07-12 15:30:02: ERROR: Creating templock /usr/local/etc/mrtg/uc/bps/193.140.0.5.cfg_l_93707: Permission denied at /usr/local/bin/mrtg line 1968. 
2012/07/12 15:30:02 INFO Running 193.140.0.6_pps.cfg 
2012/07/12 15:30:03 INFO  -2012-07-12 15:30:03: ERROR: Creating templock /usr/local/etc/mrtg/uc/pps/193.140.0.6_pps.cfg_l_93793: Permission denied at /usr/local/bin/mrtg line 1968. 
2012/07/12 15:30:03 INFO Running 193.140.0.7_pps.cfg 
2012/07/12 15:30:03 INFO  -2012-07-12 15:30:03: ERROR: Creating templock /usr/local/etc/mrtg/uc/pps/193.140.0.7_pps.cfg_l_93873: Permission denied at /usr/local/bin/mrtg line 1968. 
2012/07/12 15:30:03 INFO Running 193.140.0.4_pps.cfg 
2012/07/12 15:30:04 INFO  -2012-07-12 15:30:04: ERROR: Creating templock /usr/local/etc/mrtg/uc/pps/193.140.0.4_pps.cfg_l_93926: Permission denied at /usr/local/bin/mrtg line 1968. 
2012/07/12 15:30:04 INFO Running 193.140.0.5_pps.cfg 
2012/07/12 15:30:04 INFO  -2012-07-12 15:30:04: ERROR: Creating templock /usr/local/etc/mrtg/uc/pps/193.140.0.5_pps.cfg_l_93973: Permission denied at /usr/local/bin/mrtg line 1968. 
2012/07/12 15:35:01 INFO Running 193.140.0.6.cfg 
2012/07/12 15:35:01 INFO  -2012-07-12 15:35:01: ERROR: Creating templock /usr/local/etc/mrtg/uc/bps/193.140.0.6.cfg_l_97899: Permission denied at /usr/local/bin/mrtg line 1968. 
2012/07/12 15:35:01 INFO Running 193.140.0.7.cfg 
2012/07/12 15:35:02 INFO  -2012-07-12 15:35:02: ERROR: Creating templock /usr/local/etc/mrtg/uc/bps/193.140.0.7.cfg_l_98006: Permission denied at /usr/local/bin/mrtg line 1968. 
2012/07/12 15:35:02 INFO Running 193.140.0.4.cfg 
2012/07/12 15:35:02 INFO  -2012-07-12 15:35:02: ERROR: Creating templock /usr/local/etc/mrtg/uc/bps/193.140.0.4.cfg_l_98101: Permission denied at /usr/local/bin/mrtg line 1968. 
2012/07/12 15:35:02 INFO Running 193.140.0.5.cfg 
2012/07/12 15:35:02 INFO  -2012-07-12 15:35:02: ERROR: Creating templock /usr/local/etc/mrtg/uc/bps/193.140.0.5.cfg_l_98188: Permission denied at /usr/local/bin/mrtg line 1968. 
2012/07/12 15:35:02 INFO Running 193.140.0.6_pps.cfg 
2012/07/12 15:35:03 INFO  -2012-07-12 15:35:03: ERROR: Creating templock /usr/local/etc/mrtg/uc/pps/193.140.0.6_pps.cfg_l_98248: Permission denied at /usr/local/bin/mrtg line 1968. 
2012/07/12 15:35:03 INFO Running 193.140.0.7_pps.cfg 
2012/07/12 15:35:03 INFO  -2012-07-12 15:35:03: ERROR: Creating templock /usr/local/etc/mrtg/uc/pps/193.140.0.7_pps.cfg_l_98301: Permission denied at /usr/local/bin/mrtg line 1968. 
2012/07/12 15:35:03 INFO Running 193.140.0.4_pps.cfg 
2012/07/12 15:35:03 INFO  -2012-07-12 15:35:03: ERROR: Creating templock /usr/local/etc/mrtg/uc/pps/193.140.0.4_pps.cfg_l_98353: Permission denied at /usr/local/bin/mrtg line 1968. 
2012/07/12 15:35:03 INFO Running 193.140.0.5_pps.cfg 
2012/07/12 15:35:04 INFO  -2012-07-12 15:35:04: ERROR: Creating templock /usr/local/etc/mrtg/uc/pps/193.140.0.5_pps.cfg_l_98404: Permission denied at /usr/local/bin/mrtg line 1968. 
2012/07/12 15:40:01 INFO Running 193.140.0.6.cfg 
2012/07/12 15:40:01 INFO  -2012-07-12 15:40:01: ERROR: Creating templock /usr/local/etc/mrtg/uc/bps/193.140.0.6.cfg_l_1954: Permission denied at /usr/local/bin/mrtg line 1968. 
2012/07/12 15:40:01 INFO Running 193.140.0.7.cfg 
2012/07/12 15:40:01 INFO  -2012-07-12 15:40:01: ERROR: Creating templock /usr/local/etc/mrtg/uc/bps/193.140.0.7.cfg_l_1999: Permission denied at /usr/local/bin/mrtg line 1968. 
2012/07/12 15:40:01 INFO Running 193.140.0.4.cfg 
2012/07/12 15:40:02 INFO  -2012-07-12 15:40:02: ERROR: Creating templock /usr/local/etc/mrtg/uc/bps/193.140.0.4.cfg_l_2019: Permission denied at /usr/local/bin/mrtg line 1968. 
2012/07/12 15:40:02 INFO Running 193.140.0.5.cfg 
2012/07/12 15:40:02 INFO  -2012-07-12 15:40:02: ERROR: Creating templock /usr/local/etc/mrtg/uc/bps/193.140.0.5.cfg_l_2118: Permission denied at /usr/local/bin/mrtg line 1968. 
2012/07/12 15:40:02 INFO Running 193.140.0.6_pps.cfg 
2012/07/12 15:40:03 INFO  -2012-07-12 15:40:03: ERROR: Creating templock /usr/local/etc/mrtg/uc/pps/193.140.0.6_pps.cfg_l_2180: Permission denied at /usr/local/bin/mrtg line 1968. 
2012/07/12 15:40:03 INFO Running 193.140.0.7_pps.cfg 
2012/07/12 15:40:03 INFO  -2012-07-12 15:40:03: ERROR: Creating templock /usr/local/etc/mrtg/uc/pps/193.140.0.7_pps.cfg_l_2276: Permission denied at /usr/local/bin/mrtg line 1968. 
2012/07/12 15:40:03 INFO Running 193.140.0.4_pps.cfg 
2012/07/12 15:40:04 INFO  -2012-07-12 15:40:04: ERROR: Creating templock /usr/local/etc/mrtg/uc/pps/193.140.0.4_pps.cfg_l_2335: Permission denied at /usr/local/bin/mrtg line 1968. 
2012/07/12 15:40:04 INFO Running 193.140.0.5_pps.cfg 
2012/07/12 15:40:04 INFO  -2012-07-12 15:40:04: ERROR: Creating templock /usr/local/etc/mrtg/uc/pps/193.140.0.5_pps.cfg_l_2392: Permission denied at /usr/local/bin/mrtg line 1968. 
2012/07/12 15:45:01 INFO Running 193.140.0.6.cfg 
2012/07/12 15:45:01 INFO  -2012-07-12 15:45:01: ERROR: Creating templock /usr/local/etc/mrtg/uc/bps/193.140.0.6.cfg_l_6007: Permission denied at /usr/local/bin/mrtg line 1968. 
2012/07/12 15:45:01 INFO Running 193.140.0.7.cfg 
2012/07/12 15:45:02 INFO  -2012-07-12 15:45:02: ERROR: Creating templock /usr/local/etc/mrtg/uc/bps/193.140.0.7.cfg_l_6066: Permission denied at /usr/local/bin/mrtg line 1968. 
2012/07/12 15:45:02 INFO Running 193.140.0.4.cfg 
2012/07/12 15:45:02 INFO  -2012-07-12 15:45:02: ERROR: Creating templock /usr/local/etc/mrtg/uc/bps/193.140.0.4.cfg_l_6148: Permission denied at /usr/local/bin/mrtg line 1968. 
2012/07/12 15:45:02 INFO Running 193.140.0.5.cfg 
2012/07/12 15:45:02 INFO  -2012-07-12 15:45:02: ERROR: Creating templock /usr/local/etc/mrtg/uc/bps/193.140.0.5.cfg_l_6230: Permission denied at /usr/local/bin/mrtg line 1968. 
2012/07/12 15:45:02 INFO Running 193.140.0.6_pps.cfg 
2012/07/12 15:45:03 INFO  -2012-07-12 15:45:03: ERROR: Creating templock /usr/local/etc/mrtg/uc/pps/193.140.0.6_pps.cfg_l_6314: Permission denied at /usr/local/bin/mrtg line 1968. 
2012/07/12 15:45:03 INFO Running 193.140.0.7_pps.cfg 
2012/07/12 15:45:03 INFO  -2012-07-12 15:45:03: ERROR: Creating templock /usr/local/etc/mrtg/uc/pps/193.140.0.7_pps.cfg_l_6366: Permission denied at /usr/local/bin/mrtg line 1968. 
2012/07/12 15:45:03 INFO Running 193.140.0.4_pps.cfg 
2012/07/12 15:45:03 INFO  -2012-07-12 15:45:03: ERROR: Creating templock /usr/local/etc/mrtg/uc/pps/193.140.0.4_pps.cfg_l_6420: Permission denied at /usr/local/bin/mrtg line 1968. 
2012/07/12 15:45:03 INFO Running 193.140.0.5_pps.cfg 
2012/07/12 15:45:04 INFO  -2012-07-12 15:45:04: ERROR: Creating templock /usr/local/etc/mrtg/uc/pps/193.140.0.5_pps.cfg_l_6472: Permission denied at /usr/local/bin/mrtg line 1968. 
2012/07/12 15:50:00 INFO Running 193.140.0.6.cfg 
2012/07/12 15:50:00 INFO  -2012-07-12 15:50:00: ERROR: Creating templock /usr/local/etc/mrtg/uc/bps/193.140.0.6.cfg_l_9958: Permission denied at /usr/local/bin/mrtg line 1968. 
2012/07/12 15:50:00 INFO Running 193.140.0.7.cfg 
2012/07/12 15:50:01 INFO  -2012-07-12 15:50:01: ERROR: Creating templock /usr/local/etc/mrtg/uc/bps/193.140.0.7.cfg_l_10055: Permission denied at /usr/local/bin/mrtg line 1968. 
2012/07/12 15:50:01 INFO Running 193.140.0.4.cfg 
2012/07/12 15:50:01 INFO  -2012-07-12 15:50:01: ERROR: Creating templock /usr/local/etc/mrtg/uc/bps/193.140.0.4.cfg_l_10133: Permission denied at /usr/local/bin/mrtg line 1968. 
2012/07/12 15:50:01 INFO Running 193.140.0.5.cfg 
2012/07/12 15:50:02 INFO  -2012-07-12 15:50:02: ERROR: Creating templock /usr/local/etc/mrtg/uc/bps/193.140.0.5.cfg_l_10191: Permission denied at /usr/local/bin/mrtg line 1968. 
2012/07/12 15:50:02 INFO Running 193.140.0.6_pps.cfg 
2012/07/12 15:50:02 INFO  -2012-07-12 15:50:02: ERROR: Creating templock /usr/local/etc/mrtg/uc/pps/193.140.0.6_pps.cfg_l_10283: Permission denied at /usr/local/bin/mrtg line 1968. 
2012/07/12 15:50:02 INFO Running 193.140.0.7_pps.cfg 
2012/07/12 15:50:02 INFO  -2012-07-12 15:50:02: ERROR: Creating templock /usr/local/etc/mrtg/uc/pps/193.140.0.7_pps.cfg_l_10364: Permission denied at /usr/local/bin/mrtg line 1968. 
2012/07/12 15:50:02 INFO Running 193.140.0.4_pps.cfg 
2012/07/12 15:50:03 INFO  -2012-07-12 15:50:03: ERROR: Creating templock /usr/local/etc/mrtg/uc/pps/193.140.0.4_pps.cfg_l_10406: Permission denied at /usr/local/bin/mrtg line 1968. 
2012/07/12 15:50:03 INFO Running 193.140.0.5_pps.cfg 
2012/07/12 15:50:03 INFO  -2012-07-12 15:50:03: ERROR: Creating templock /usr/local/etc/mrtg/uc/pps/193.140.0.5_pps.cfg_l_10438: Permission denied at /usr/local/bin/mrtg line 1968. 
2012/07/12 15:55:00 INFO Running 193.140.0.6.cfg 
2012/07/12 15:55:00 INFO  -2012-07-12 15:55:00: ERROR: Creating templock /usr/local/etc/mrtg/uc/bps/193.140.0.6.cfg_l_14015: Permission denied at /usr/local/bin/mrtg line 1968. 
2012/07/12 15:55:00 INFO Running 193.140.0.7.cfg 
2012/07/12 15:55:01 INFO  -2012-07-12 15:55:01: ERROR: Creating templock /usr/local/etc/mrtg/uc/bps/193.140.0.7.cfg_l_14130: Permission denied at /usr/local/bin/mrtg line 1968. 
2012/07/12 15:55:01 INFO Running 193.140.0.4.cfg 
2012/07/12 15:55:01 INFO  -2012-07-12 15:55:01: ERROR: Creating templock /usr/local/etc/mrtg/uc/bps/193.140.0.4.cfg_l_14197: Permission denied at /usr/local/bin/mrtg line 1968. 
2012/07/12 15:55:01 INFO Running 193.140.0.5.cfg 
2012/07/12 15:55:02 INFO  -2012-07-12 15:55:02: ERROR: Creating templock /usr/local/etc/mrtg/uc/bps/193.140.0.5.cfg_l_14304: Permission denied at /usr/local/bin/mrtg line 1968. 
2012/07/12 15:55:02 INFO Running 193.140.0.6_pps.cfg 
2012/07/12 15:55:02 INFO  -2012-07-12 15:55:02: ERROR: Creating templock /usr/local/etc/mrtg/uc/pps/193.140.0.6_pps.cfg_l_14387: Permission denied at /usr/local/bin/mrtg line 1968. 
2012/07/12 15:55:02 INFO Running 193.140.0.7_pps.cfg 
2012/07/12 15:55:02 INFO  -2012-07-12 15:55:02: ERROR: Creating templock /usr/local/etc/mrtg/uc/pps/193.140.0.7_pps.cfg_l_14447: Permission denied at /usr/local/bin/mrtg line 1968. 
2012/07/12 15:55:02 INFO Running 193.140.0.4_pps.cfg 
2012/07/12 15:55:03 INFO  -2012-07-12 15:55:03: ERROR: Creating templock /usr/local/etc/mrtg/uc/pps/193.140.0.4_pps.cfg_l_14494: Permission denied at /usr/local/bin/mrtg line 1968. 
2012/07/12 15:55:03 INFO Running 193.140.0.5_pps.cfg 
2012/07/12 15:55:03 INFO  -2012-07-12 15:55:03: ERROR: Creating templock /usr/local/etc/mrtg/uc/pps/193.140.0.5_pps.cfg_l_14546: Permission denied at /usr/local/bin/mrtg line 1968. 
2012/07/12 16:00:00 INFO Running 193.140.0.6.cfg 
2012/07/12 16:00:01 INFO  -2012-07-12 16:00:00: ERROR: Creating templock /usr/local/etc/mrtg/uc/bps/193.140.0.6.cfg_l_18230: Permission denied at /usr/local/bin/mrtg line 1968. 
2012/07/12 16:00:01 INFO Running 193.140.0.7.cfg 
2012/07/12 16:00:01 INFO  -2012-07-12 16:00:01: ERROR: Creating templock /usr/local/etc/mrtg/uc/bps/193.140.0.7.cfg_l_18388: Permission denied at /usr/local/bin/mrtg line 1968. 
2012/07/12 16:00:01 INFO Running 193.140.0.4.cfg 
2012/07/12 16:00:02 INFO  -2012-07-12 16:00:02: ERROR: Creating templock /usr/local/etc/mrtg/uc/bps/193.140.0.4.cfg_l_18529: Permission denied at /usr/local/bin/mrtg line 1968. 
2012/07/12 16:00:02 INFO Running 193.140.0.5.cfg 
2012/07/12 16:00:02 INFO  -2012-07-12 16:00:02: ERROR: Creating templock /usr/local/etc/mrtg/uc/bps/193.140.0.5.cfg_l_18597: Permission denied at /usr/local/bin/mrtg line 1968. 
2012/07/12 16:00:02 INFO Running 193.140.0.6_pps.cfg 
2012/07/12 16:00:03 INFO  -2012-07-12 16:00:03: ERROR: Creating templock /usr/local/etc/mrtg/uc/pps/193.140.0.6_pps.cfg_l_18704: Permission denied at /usr/local/bin/mrtg line 1968. 
2012/07/12 16:00:03 INFO Running 193.140.0.7_pps.cfg 
2012/07/12 16:00:03 INFO  -2012-07-12 16:00:03: ERROR: Creating templock /usr/local/etc/mrtg/uc/pps/193.140.0.7_pps.cfg_l_18749: Permission denied at /usr/local/bin/mrtg line 1968. 
2012/07/12 16:00:03 INFO Running 193.140.0.4_pps.cfg 
2012/07/12 16:00:04 INFO  -2012-07-12 16:00:04: ERROR: Creating templock /usr/local/etc/mrtg/uc/pps/193.140.0.4_pps.cfg_l_18791: Permission denied at /usr/local/bin/mrtg line 1968. 
2012/07/12 16:00:04 INFO Running 193.140.0.5_pps.cfg 
2012/07/12 16:00:04 INFO  -2012-07-12 16:00:04: ERROR: Creating templock /usr/local/etc/mrtg/uc/pps/193.140.0.5_pps.cfg_l_18847: Permission denied at /usr/local/bin/mrtg line 1968. 
2012/07/12 16:05:01 INFO Running 193.140.0.6.cfg 
2012/07/12 16:05:01 INFO  -2012-07-12 16:05:01: ERROR: Creating templock /usr/local/etc/mrtg/uc/bps/193.140.0.6.cfg_l_23224: Permission denied at /usr/local/bin/mrtg line 1968. 
2012/07/12 16:05:01 INFO Running 193.140.0.7.cfg 
2012/07/12 16:05:01 INFO  -2012-07-12 16:05:01: ERROR: Creating templock /usr/local/etc/mrtg/uc/bps/193.140.0.7.cfg_l_23274: Permission denied at /usr/local/bin/mrtg line 1968. 
2012/07/12 16:05:01 INFO Running 193.140.0.4.cfg 
2012/07/12 16:05:02 INFO  -2012-07-12 16:05:02: ERROR: Creating templock /usr/local/etc/mrtg/uc/bps/193.140.0.4.cfg_l_23348: Permission denied at /usr/local/bin/mrtg line 1968. 
2012/07/12 16:05:02 INFO Running 193.140.0.5.cfg 
2012/07/12 16:05:02 INFO  -2012-07-12 16:05:02: ERROR: Creating templock /usr/local/etc/mrtg/uc/bps/193.140.0.5.cfg_l_23394: Permission denied at /usr/local/bin/mrtg line 1968. 
2012/07/12 16:05:02 INFO Running 193.140.0.6_pps.cfg 
2012/07/12 16:05:02 INFO  -2012-07-12 16:05:02: ERROR: Creating templock /usr/local/etc/mrtg/uc/pps/193.140.0.6_pps.cfg_l_23440: Permission denied at /usr/local/bin/mrtg line 1968. 
2012/07/12 16:05:02 INFO Running 193.140.0.7_pps.cfg 
2012/07/12 16:05:03 INFO  -2012-07-12 16:05:03: ERROR: Creating templock /usr/local/etc/mrtg/uc/pps/193.140.0.7_pps.cfg_l_23516: Permission denied at /usr/local/bin/mrtg line 1968. 
2012/07/12 16:05:03 INFO Running 193.140.0.4_pps.cfg 
2012/07/12 16:05:03 INFO  -2012-07-12 16:05:03: ERROR: Creating templock /usr/local/etc/mrtg/uc/pps/193.140.0.4_pps.cfg_l_23583: Permission denied at /usr/local/bin/mrtg line 1968. 
2012/07/12 16:05:03 INFO Running 193.140.0.5_pps.cfg 
2012/07/12 16:05:03 INFO  -2012-07-12 16:05:03: ERROR: Creating templock /usr/local/etc/mrtg/uc/pps/193.140.0.5_pps.cfg_l_23630: Permission denied at /usr/local/bin/mrtg line 1968. 
2012/07/12 16:10:01 INFO Running 193.140.0.6.cfg 
2012/07/12 16:10:01 INFO  -2012-07-12 16:10:01: ERROR: Creating templock /usr/local/etc/mrtg/uc/bps/193.140.0.6.cfg_l_27402: Permission denied at /usr/local/bin/mrtg line 1968. 
2012/07/12 16:10:01 INFO Running 193.140.0.7.cfg 
2012/07/12 16:10:02 INFO  -2012-07-12 16:10:02: ERROR: Creating templock /usr/local/etc/mrtg/uc/bps/193.140.0.7.cfg_l_27453: Permission denied at /usr/local/bin/mrtg line 1968. 
2012/07/12 16:10:02 INFO Running 193.140.0.4.cfg 
2012/07/12 16:10:02 INFO  -2012-07-12 16:10:02: ERROR: Creating templock /usr/local/etc/mrtg/uc/bps/193.140.0.4.cfg_l_27532: Permission denied at /usr/local/bin/mrtg line 1968. 
2012/07/12 16:10:02 INFO Running 193.140.0.5.cfg 
2012/07/12 16:10:03 INFO  -2012-07-12 16:10:03: ERROR: Creating templock /usr/local/etc/mrtg/uc/bps/193.140.0.5.cfg_l_27629: Permission denied at /usr/local/bin/mrtg line 1968. 
2012/07/12 16:10:03 INFO Running 193.140.0.6_pps.cfg 
2012/07/12 16:10:03 INFO  -2012-07-12 16:10:03: ERROR: Creating templock /usr/local/etc/mrtg/uc/pps/193.140.0.6_pps.cfg_l_27690: Permission denied at /usr/local/bin/mrtg line 1968. 
2012/07/12 16:10:03 INFO Running 193.140.0.7_pps.cfg 
2012/07/12 16:10:03 INFO  -2012-07-12 16:10:03: ERROR: Creating templock /usr/local/etc/mrtg/uc/pps/193.140.0.7_pps.cfg_l_27736: Permission denied at /usr/local/bin/mrtg line 1968. 
2012/07/12 16:10:03 INFO Running 193.140.0.4_pps.cfg 
2012/07/12 16:10:04 INFO  -2012-07-12 16:10:04: ERROR: Creating templock /usr/local/etc/mrtg/uc/pps/193.140.0.4_pps.cfg_l_27768: Permission denied at /usr/local/bin/mrtg line 1968. 
2012/07/12 16:10:04 INFO Running 193.140.0.5_pps.cfg 
2012/07/12 16:10:04 INFO  -2012-07-12 16:10:04: ERROR: Creating templock /usr/local/etc/mrtg/uc/pps/193.140.0.5_pps.cfg_l_27810: Permission denied at /usr/local/bin/mrtg line 1968. 
2012/07/12 16:15:00 INFO Running 193.140.0.6.cfg 
2012/07/12 16:15:01 INFO  -2012-07-12 16:15:01: ERROR: Creating templock /usr/local/etc/mrtg/uc/bps/193.140.0.6.cfg_l_31657: Permission denied at /usr/local/bin/mrtg line 1968. 
2012/07/12 16:15:01 INFO Running 193.140.0.7.cfg 
2012/07/12 16:15:01 INFO  -2012-07-12 16:15:01: ERROR: Creating templock /usr/local/etc/mrtg/uc/bps/193.140.0.7.cfg_l_31726: Permission denied at /usr/local/bin/mrtg line 1968. 
2012/07/12 16:15:01 INFO Running 193.140.0.4.cfg 
2012/07/12 16:15:01 INFO  -2012-07-12 16:15:01: ERROR: Creating templock /usr/local/etc/mrtg/uc/bps/193.140.0.4.cfg_l_31811: Permission denied at /usr/local/bin/mrtg line 1968. 
2012/07/12 16:15:01 INFO Running 193.140.0.5.cfg 
2012/07/12 16:15:02 INFO  -2012-07-12 16:15:02: ERROR: Creating templock /usr/local/etc/mrtg/uc/bps/193.140.0.5.cfg_l_31882: Permission denied at /usr/local/bin/mrtg line 1968. 
2012/07/12 16:15:02 INFO Running 193.140.0.6_pps.cfg 
2012/07/12 16:15:02 INFO  -2012-07-12 16:15:02: ERROR: Creating templock /usr/local/etc/mrtg/uc/pps/193.140.0.6_pps.cfg_l_31963: Permission denied at /usr/local/bin/mrtg line 1968. 
2012/07/12 16:15:02 INFO Running 193.140.0.7_pps.cfg 
2012/07/12 16:15:02 INFO  -2012-07-12 16:15:02: ERROR: Creating templock /usr/local/etc/mrtg/uc/pps/193.140.0.7_pps.cfg_l_32023: Permission denied at /usr/local/bin/mrtg line 1968. 
2012/07/12 16:15:02 INFO Running 193.140.0.4_pps.cfg 
2012/07/12 16:15:03 INFO  -2012-07-12 16:15:03: ERROR: Creating templock /usr/local/etc/mrtg/uc/pps/193.140.0.4_pps.cfg_l_32070: Permission denied at /usr/local/bin/mrtg line 1968. 
2012/07/12 16:15:03 INFO Running 193.140.0.5_pps.cfg 
2012/07/12 16:15:03 INFO  -2012-07-12 16:15:03: ERROR: Creating templock /usr/local/etc/mrtg/uc/pps/193.140.0.5_pps.cfg_l_32122: Permission denied at /usr/local/bin/mrtg line 1968. 
2012/07/12 16:20:00 INFO Running 193.140.0.6.cfg 
2012/07/12 16:20:01 INFO  -2012-07-12 16:20:01: ERROR: Creating templock /usr/local/etc/mrtg/uc/bps/193.140.0.6.cfg_l_35717: Permission denied at /usr/local/bin/mrtg line 1968. 
2012/07/12 16:20:01 INFO Running 193.140.0.7.cfg 
2012/07/12 16:20:01 INFO  -2012-07-12 16:20:01: ERROR: Creating templock /usr/local/etc/mrtg/uc/bps/193.140.0.7.cfg_l_35757: Permission denied at /usr/local/bin/mrtg line 1968. 
2012/07/12 16:20:01 INFO Running 193.140.0.4.cfg 
2012/07/12 16:20:02 INFO  -2012-07-12 16:20:02: ERROR: Creating templock /usr/local/etc/mrtg/uc/bps/193.140.0.4.cfg_l_35796: Permission denied at /usr/local/bin/mrtg line 1968. 
2012/07/12 16:20:02 INFO Running 193.140.0.5.cfg 
2012/07/12 16:20:02 INFO  -2012-07-12 16:20:02: ERROR: Creating templock /usr/local/etc/mrtg/uc/bps/193.140.0.5.cfg_l_35883: Permission denied at /usr/local/bin/mrtg line 1968. 
2012/07/12 16:20:02 INFO Running 193.140.0.6_pps.cfg 
2012/07/12 16:20:03 INFO  -2012-07-12 16:20:03: ERROR: Creating templock /usr/local/etc/mrtg/uc/pps/193.140.0.6_pps.cfg_l_35968: Permission denied at /usr/local/bin/mrtg line 1968. 
2012/07/12 16:20:03 INFO Running 193.140.0.7_pps.cfg 
2012/07/12 16:20:03 INFO  -2012-07-12 16:20:03: ERROR: Creating templock /usr/local/etc/mrtg/uc/pps/193.140.0.7_pps.cfg_l_36071: Permission denied at /usr/local/bin/mrtg line 1968. 
2012/07/12 16:20:03 INFO Running 193.140.0.4_pps.cfg 
2012/07/12 16:20:04 INFO  -2012-07-12 16:20:04: ERROR: Creating templock /usr/local/etc/mrtg/uc/pps/193.140.0.4_pps.cfg_l_36119: Permission denied at /usr/local/bin/mrtg line 1968. 
2012/07/12 16:20:04 INFO Running 193.140.0.5_pps.cfg 
2012/07/12 16:20:04 INFO  -2012-07-12 16:20:04: ERROR: Creating templock /usr/local/etc/mrtg/uc/pps/193.140.0.5_pps.cfg_l_36188: Permission denied at /usr/local/bin/mrtg line 1968. 
2012/07/12 16:25:00 INFO Running 193.140.0.6.cfg 
2012/07/12 16:25:01 INFO  -2012-07-12 16:25:01: ERROR: Creating templock /usr/local/etc/mrtg/uc/bps/193.140.0.6.cfg_l_39959: Permission denied at /usr/local/bin/mrtg line 1968. 
2012/07/12 16:25:01 INFO Running 193.140.0.7.cfg 
2012/07/12 16:25:01 INFO  -2012-07-12 16:25:01: ERROR: Creating templock /usr/local/etc/mrtg/uc/bps/193.140.0.7.cfg_l_40017: Permission denied at /usr/local/bin/mrtg line 1968. 
2012/07/12 16:25:01 INFO Running 193.140.0.4.cfg 
2012/07/12 16:25:02 INFO  -2012-07-12 16:25:01: ERROR: Creating templock /usr/local/etc/mrtg/uc/bps/193.140.0.4.cfg_l_40060: Permission denied at /usr/local/bin/mrtg line 1968. 
2012/07/12 16:25:02 INFO Running 193.140.0.5.cfg 
2012/07/12 16:25:02 INFO  -2012-07-12 16:25:02: ERROR: Creating templock /usr/local/etc/mrtg/uc/bps/193.140.0.5.cfg_l_40120: Permission denied at /usr/local/bin/mrtg line 1968. 
2012/07/12 16:25:02 INFO Running 193.140.0.6_pps.cfg 
2012/07/12 16:25:02 INFO  -2012-07-12 16:25:02: ERROR: Creating templock /usr/local/etc/mrtg/uc/pps/193.140.0.6_pps.cfg_l_40188: Permission denied at /usr/local/bin/mrtg line 1968. 
2012/07/12 16:25:02 INFO Running 193.140.0.7_pps.cfg 
2012/07/12 16:25:03 INFO  -2012-07-12 16:25:03: ERROR: Creating templock /usr/local/etc/mrtg/uc/pps/193.140.0.7_pps.cfg_l_40267: Permission denied at /usr/local/bin/mrtg line 1968. 
2012/07/12 16:25:03 INFO Running 193.140.0.4_pps.cfg 
2012/07/12 16:25:03 INFO  -2012-07-12 16:25:03: ERROR: Creating templock /usr/local/etc/mrtg/uc/pps/193.140.0.4_pps.cfg_l_40315: Permission denied at /usr/local/bin/mrtg line 1968. 
2012/07/12 16:25:03 INFO Running 193.140.0.5_pps.cfg 
2012/07/12 16:25:03 INFO  -2012-07-12 16:25:03: ERROR: Creating templock /usr/local/etc/mrtg/uc/pps/193.140.0.5_pps.cfg_l_40368: Permission denied at /usr/local/bin/mrtg line 1968. 
2012/07/12 16:30:01 INFO Running 193.140.0.6.cfg 
2012/07/12 16:30:01 INFO  -2012-07-12 16:30:01: ERROR: Creating templock /usr/local/etc/mrtg/uc/bps/193.140.0.6.cfg_l_44168: Permission denied at /usr/local/bin/mrtg line 1968. 
2012/07/12 16:30:01 INFO Running 193.140.0.7.cfg 
2012/07/12 16:30:02 INFO  -2012-07-12 16:30:02: ERROR: Creating templock /usr/local/etc/mrtg/uc/bps/193.140.0.7.cfg_l_44224: Permission denied at /usr/local/bin/mrtg line 1968. 
2012/07/12 16:30:02 INFO Running 193.140.0.4.cfg 
2012/07/12 16:30:02 INFO  -2012-07-12 16:30:02: ERROR: Creating templock /usr/local/etc/mrtg/uc/bps/193.140.0.4.cfg_l_44317: Permission denied at /usr/local/bin/mrtg line 1968. 
2012/07/12 16:30:02 INFO Running 193.140.0.5.cfg 
2012/07/12 16:30:03 INFO  -2012-07-12 16:30:03: ERROR: Creating templock /usr/local/etc/mrtg/uc/bps/193.140.0.5.cfg_l_44418: Permission denied at /usr/local/bin/mrtg line 1968. 
2012/07/12 16:30:03 INFO Running 193.140.0.6_pps.cfg 
2012/07/12 16:30:03 INFO  -2012-07-12 16:30:03: ERROR: Creating templock /usr/local/etc/mrtg/uc/pps/193.140.0.6_pps.cfg_l_44488: Permission denied at /usr/local/bin/mrtg line 1968. 
2012/07/12 16:30:03 INFO Running 193.140.0.7_pps.cfg 
2012/07/12 16:30:04 INFO  -2012-07-12 16:30:04: ERROR: Creating templock /usr/local/etc/mrtg/uc/pps/193.140.0.7_pps.cfg_l_44551: Permission denied at /usr/local/bin/mrtg line 1968. 
2012/07/12 16:30:04 INFO Running 193.140.0.4_pps.cfg 
2012/07/12 16:30:04 INFO  -2012-07-12 16:30:04: ERROR: Creating templock /usr/local/etc/mrtg/uc/pps/193.140.0.4_pps.cfg_l_44612: Permission denied at /usr/local/bin/mrtg line 1968. 
2012/07/12 16:30:04 INFO Running 193.140.0.5_pps.cfg 
2012/07/12 16:30:05 INFO  -2012-07-12 16:30:04: ERROR: Creating templock /usr/local/etc/mrtg/uc/pps/193.140.0.5_pps.cfg_l_44664: Permission denied at /usr/local/bin/mrtg line 1968. 
2012/07/12 16:35:01 INFO Running 193.140.0.6.cfg 
2012/07/12 16:35:01 INFO  -2012-07-12 16:35:01: ERROR: Creating templock /usr/local/etc/mrtg/uc/bps/193.140.0.6.cfg_l_48898: Permission denied at /usr/local/bin/mrtg line 1968. 
2012/07/12 16:35:01 INFO Running 193.140.0.7.cfg 
2012/07/12 16:35:02 INFO  -2012-07-12 16:35:02: ERROR: Creating templock /usr/local/etc/mrtg/uc/bps/193.140.0.7.cfg_l_48972: Permission denied at /usr/local/bin/mrtg line 1968. 
2012/07/12 16:35:02 INFO Running 193.140.0.4.cfg 
2012/07/12 16:35:02 INFO  -2012-07-12 16:35:02: ERROR: Creating templock /usr/local/etc/mrtg/uc/bps/193.140.0.4.cfg_l_49091: Permission denied at /usr/local/bin/mrtg line 1968. 
2012/07/12 16:35:02 INFO Running 193.140.0.5.cfg 
2012/07/12 16:35:03 INFO  -2012-07-12 16:35:03: ERROR: Creating templock /usr/local/etc/mrtg/uc/bps/193.140.0.5.cfg_l_49163: Permission denied at /usr/local/bin/mrtg line 1968. 
2012/07/12 16:35:03 INFO Running 193.140.0.6_pps.cfg 
2012/07/12 16:35:03 INFO  -2012-07-12 16:35:03: ERROR: Creating templock /usr/local/etc/mrtg/uc/pps/193.140.0.6_pps.cfg_l_49259: Permission denied at /usr/local/bin/mrtg line 1968. 
2012/07/12 16:35:03 INFO Running 193.140.0.7_pps.cfg 
2012/07/12 16:35:03 INFO  -2012-07-12 16:35:03: ERROR: Creating templock /usr/local/etc/mrtg/uc/pps/193.140.0.7_pps.cfg_l_49352: Permission denied at /usr/local/bin/mrtg line 1968. 
2012/07/12 16:35:03 INFO Running 193.140.0.4_pps.cfg 
2012/07/12 16:35:04 INFO  -2012-07-12 16:35:04: ERROR: Creating templock /usr/local/etc/mrtg/uc/pps/193.140.0.4_pps.cfg_l_49396: Permission denied at /usr/local/bin/mrtg line 1968. 
2012/07/12 16:35:04 INFO Running 193.140.0.5_pps.cfg 
2012/07/12 16:35:04 INFO  -2012-07-12 16:35:04: ERROR: Creating templock /usr/local/etc/mrtg/uc/pps/193.140.0.5_pps.cfg_l_49448: Permission denied at /usr/local/bin/mrtg line 1968. 
2012/07/12 16:40:01 INFO Running 193.140.0.6.cfg 
2012/07/12 16:40:01 INFO  -2012-07-12 16:40:01: ERROR: Creating templock /usr/local/etc/mrtg/uc/bps/193.140.0.6.cfg_l_53304: Permission denied at /usr/local/bin/mrtg line 1968. 
2012/07/12 16:40:01 INFO Running 193.140.0.7.cfg 
2012/07/12 16:40:01 INFO  -2012-07-12 16:40:01: ERROR: Creating templock /usr/local/etc/mrtg/uc/bps/193.140.0.7.cfg_l_53342: Permission denied at /usr/local/bin/mrtg line 1968. 
2012/07/12 16:40:01 INFO Running 193.140.0.4.cfg 
2012/07/12 16:40:02 INFO  -2012-07-12 16:40:02: ERROR: Creating templock /usr/local/etc/mrtg/uc/bps/193.140.0.4.cfg_l_53407: Permission denied at /usr/local/bin/mrtg line 1968. 
2012/07/12 16:40:02 INFO Running 193.140.0.5.cfg 
2012/07/12 16:40:02 INFO  -2012-07-12 16:40:02: ERROR: Creating templock /usr/local/etc/mrtg/uc/bps/193.140.0.5.cfg_l_53489: Permission denied at /usr/local/bin/mrtg line 1968. 
2012/07/12 16:40:02 INFO Running 193.140.0.6_pps.cfg 
2012/07/12 16:40:03 INFO  -2012-07-12 16:40:03: ERROR: Creating templock /usr/local/etc/mrtg/uc/pps/193.140.0.6_pps.cfg_l_53566: Permission denied at /usr/local/bin/mrtg line 1968. 
2012/07/12 16:40:03 INFO Running 193.140.0.7_pps.cfg 
2012/07/12 16:40:03 INFO  -2012-07-12 16:40:03: ERROR: Creating templock /usr/local/etc/mrtg/uc/pps/193.140.0.7_pps.cfg_l_53621: Permission denied at /usr/local/bin/mrtg line 1968. 
2012/07/12 16:40:03 INFO Running 193.140.0.4_pps.cfg 
2012/07/12 16:40:03 INFO  -2012-07-12 16:40:03: ERROR: Creating templock /usr/local/etc/mrtg/uc/pps/193.140.0.4_pps.cfg_l_53677: Permission denied at /usr/local/bin/mrtg line 1968. 
2012/07/12 16:40:03 INFO Running 193.140.0.5_pps.cfg 
2012/07/12 16:40:04 INFO  -2012-07-12 16:40:04: ERROR: Creating templock /usr/local/etc/mrtg/uc/pps/193.140.0.5_pps.cfg_l_53719: Permission denied at /usr/local/bin/mrtg line 1968. 
2012/07/12 16:45:01 INFO Running 193.140.0.6.cfg 
2012/07/12 16:45:01 INFO  -2012-07-12 16:45:01: ERROR: Creating templock /usr/local/etc/mrtg/uc/bps/193.140.0.6.cfg_l_57460: Permission denied at /usr/local/bin/mrtg line 1968. 
2012/07/12 16:45:01 INFO Running 193.140.0.7.cfg 
2012/07/12 16:45:01 INFO  -2012-07-12 16:45:01: ERROR: Creating templock /usr/local/etc/mrtg/uc/bps/193.140.0.7.cfg_l_57490: Permission denied at /usr/local/bin/mrtg line 1968. 
2012/07/12 16:45:01 INFO Running 193.140.0.4.cfg 
2012/07/12 16:45:02 INFO  -2012-07-12 16:45:02: ERROR: Creating templock /usr/local/etc/mrtg/uc/bps/193.140.0.4.cfg_l_57567: Permission denied at /usr/local/bin/mrtg line 1968. 
2012/07/12 16:45:02 INFO Running 193.140.0.5.cfg 
2012/07/12 16:45:02 INFO  -2012-07-12 16:45:02: ERROR: Creating templock /usr/local/etc/mrtg/uc/bps/193.140.0.5.cfg_l_57642: Permission denied at /usr/local/bin/mrtg line 1968. 
2012/07/12 16:45:02 INFO Running 193.140.0.6_pps.cfg 
2012/07/12 16:45:02 INFO  -2012-07-12 16:45:02: ERROR: Creating templock /usr/local/etc/mrtg/uc/pps/193.140.0.6_pps.cfg_l_57708: Permission denied at /usr/local/bin/mrtg line 1968. 
2012/07/12 16:45:02 INFO Running 193.140.0.7_pps.cfg 
2012/07/12 16:45:03 INFO  -2012-07-12 16:45:03: ERROR: Creating templock /usr/local/etc/mrtg/uc/pps/193.140.0.7_pps.cfg_l_57769: Permission denied at /usr/local/bin/mrtg line 1968. 
2012/07/12 16:45:03 INFO Running 193.140.0.4_pps.cfg 
2012/07/12 16:45:03 INFO  -2012-07-12 16:45:03: ERROR: Creating templock /usr/local/etc/mrtg/uc/pps/193.140.0.4_pps.cfg_l_57822: Permission denied at /usr/local/bin/mrtg line 1968. 
2012/07/12 16:45:03 INFO Running 193.140.0.5_pps.cfg 
2012/07/12 16:45:03 INFO  -2012-07-12 16:45:03: ERROR: Creating templock /usr/local/etc/mrtg/uc/pps/193.140.0.5_pps.cfg_l_57871: Permission denied at /usr/local/bin/mrtg line 1968. 
2012/07/12 16:50:01 INFO Running 193.140.0.6.cfg 
2012/07/12 16:50:01 INFO  -2012-07-12 16:50:01: ERROR: Creating templock /usr/local/etc/mrtg/uc/bps/193.140.0.6.cfg_l_61467: Permission denied at /usr/local/bin/mrtg line 1968. 
2012/07/12 16:50:01 INFO Running 193.140.0.7.cfg 
2012/07/12 16:50:02 INFO  -2012-07-12 16:50:02: ERROR: Creating templock /usr/local/etc/mrtg/uc/bps/193.140.0.7.cfg_l_61516: Permission denied at /usr/local/bin/mrtg line 1968. 
2012/07/12 16:50:02 INFO Running 193.140.0.4.cfg 
2012/07/12 16:50:02 INFO  -2012-07-12 16:50:02: ERROR: Creating templock /usr/local/etc/mrtg/uc/bps/193.140.0.4.cfg_l_61613: Permission denied at /usr/local/bin/mrtg line 1968. 
2012/07/12 16:50:02 INFO Running 193.140.0.5.cfg 
2012/07/12 16:50:03 INFO  -2012-07-12 16:50:03: ERROR: Creating templock /usr/local/etc/mrtg/uc/bps/193.140.0.5.cfg_l_61699: Permission denied at /usr/local/bin/mrtg line 1968. 
2012/07/12 16:50:03 INFO Running 193.140.0.6_pps.cfg 
2012/07/12 16:50:03 INFO  -2012-07-12 16:50:03: ERROR: Creating templock /usr/local/etc/mrtg/uc/pps/193.140.0.6_pps.cfg_l_61778: Permission denied at /usr/local/bin/mrtg line 1968. 
2012/07/12 16:50:03 INFO Running 193.140.0.7_pps.cfg 
2012/07/12 16:50:04 INFO  -2012-07-12 16:50:04: ERROR: Creating templock /usr/local/etc/mrtg/uc/pps/193.140.0.7_pps.cfg_l_61845: Permission denied at /usr/local/bin/mrtg line 1968. 
2012/07/12 16:50:04 INFO Running 193.140.0.4_pps.cfg 
2012/07/12 16:50:04 INFO  -2012-07-12 16:50:04: ERROR: Creating templock /usr/local/etc/mrtg/uc/pps/193.140.0.4_pps.cfg_l_61887: Permission denied at /usr/local/bin/mrtg line 1968. 
2012/07/12 16:50:04 INFO Running 193.140.0.5_pps.cfg 
2012/07/12 16:50:04 INFO  -2012-07-12 16:50:04: ERROR: Creating templock /usr/local/etc/mrtg/uc/pps/193.140.0.5_pps.cfg_l_61944: Permission denied at /usr/local/bin/mrtg line 1968. 
2012/07/12 16:55:00 INFO Running 193.140.0.6.cfg 
2012/07/12 16:55:01 INFO  -2012-07-12 16:55:01: ERROR: Creating templock /usr/local/etc/mrtg/uc/bps/193.140.0.6.cfg_l_65502: Permission denied at /usr/local/bin/mrtg line 1968. 
2012/07/12 16:55:01 INFO Running 193.140.0.7.cfg 
2012/07/12 16:55:01 INFO  -2012-07-12 16:55:01: ERROR: Creating templock /usr/local/etc/mrtg/uc/bps/193.140.0.7.cfg_l_65600: Permission denied at /usr/local/bin/mrtg line 1968. 
2012/07/12 16:55:01 INFO Running 193.140.0.4.cfg 
2012/07/12 16:55:02 INFO  -2012-07-12 16:55:02: ERROR: Creating templock /usr/local/etc/mrtg/uc/bps/193.140.0.4.cfg_l_65654: Permission denied at /usr/local/bin/mrtg line 1968. 
2012/07/12 16:55:02 INFO Running 193.140.0.5.cfg 
2012/07/12 16:55:02 INFO  -2012-07-12 16:55:02: ERROR: Creating templock /usr/local/etc/mrtg/uc/bps/193.140.0.5.cfg_l_65724: Permission denied at /usr/local/bin/mrtg line 1968. 
2012/07/12 16:55:02 INFO Running 193.140.0.6_pps.cfg 
2012/07/12 16:55:02 INFO  -2012-07-12 16:55:02: ERROR: Creating templock /usr/local/etc/mrtg/uc/pps/193.140.0.6_pps.cfg_l_65796: Permission denied at /usr/local/bin/mrtg line 1968. 
2012/07/12 16:55:02 INFO Running 193.140.0.7_pps.cfg 
2012/07/12 16:55:03 INFO  -2012-07-12 16:55:03: ERROR: Creating templock /usr/local/etc/mrtg/uc/pps/193.140.0.7_pps.cfg_l_65871: Permission denied at /usr/local/bin/mrtg line 1968. 
2012/07/12 16:55:03 INFO Running 193.140.0.4_pps.cfg 
2012/07/12 16:55:03 INFO  -2012-07-12 16:55:03: ERROR: Creating templock /usr/local/etc/mrtg/uc/pps/193.140.0.4_pps.cfg_l_65923: Permission denied at /usr/local/bin/mrtg line 1968. 
2012/07/12 16:55:03 INFO Running 193.140.0.5_pps.cfg 
2012/07/12 16:55:04 INFO  -2012-07-12 16:55:03: ERROR: Creating templock /usr/local/etc/mrtg/uc/pps/193.140.0.5_pps.cfg_l_65970: Permission denied at /usr/local/bin/mrtg line 1968. 
2012/07/12 17:00:01 INFO Running 193.140.0.6.cfg 
2012/07/12 17:00:02 INFO Running 193.140.0.7.cfg 
2012/07/12 17:00:03 INFO Running 193.140.0.4.cfg 
2012/07/12 17:00:05 INFO Running 193.140.0.5.cfg 
2012/07/12 17:00:07 INFO Running 193.140.0.6_pps.cfg 
2012/07/12 17:00:08 INFO Running 193.140.0.7_pps.cfg 
2012/07/12 17:00:09 INFO  -2012-07-12 17:00:09: ERROR: Target[karatay-849-pps][_IN_] 'ifInUcastPkts.&ifOutUcastPkts.:public@193.140.0.7:::::3' (warn): Bareword "::::" refers to nonexistent package at (eval 30) line 1. 
2012/07/12 17:00:09 INFO  -2012-07-12 17:00:09: ERROR: Target[karatay-849-pps][_OUT_] 'ifInUcastPkts.&ifOutUcastPkts.:public@193.140.0.7:::::3' (warn): Bareword "::::" refers to nonexistent package at (eval 31) line 1. 
2012/07/12 17:00:09 INFO  -2012-07-12 17:00:09: ERROR: Target[selcuk-702-pps][_IN_] 'ifInUcastPkts.&ifOutUcastPkts.:public@193.140.0.7:::::3' (warn): Bareword "::::" refers to nonexistent package at (eval 35) line 1. 
2012/07/12 17:00:09 INFO  -2012-07-12 17:00:09: ERROR: Target[selcuk-702-pps][_OUT_] 'ifInUcastPkts.&ifOutUcastPkts.:public@193.140.0.7:::::3' (warn): Bareword "::::" refers to nonexistent package at (eval 36) line 1. 
2012/07/12 17:00:09 INFO  -2012-07-12 17:00:09: ERROR: Target[konya-907-pps][_IN_] 'ifInUcastPkts.&ifOutUcastPkts.:public@193.140.0.7:::::3' (warn): Bareword "::::" refers to nonexistent package at (eval 37) line 1. 
2012/07/12 17:00:09 INFO  -2012-07-12 17:00:09: ERROR: Target[konya-907-pps][_OUT_] 'ifInUcastPkts.&ifOutUcastPkts.:public@193.140.0.7:::::3' (warn): Bareword "::::" refers to nonexistent package at (eval 38) line 1. 
2012/07/12 17:00:09 INFO  -2012-07-12 17:00:09: ERROR: Target[mevlana-906-pps][_IN_] 'ifInUcastPkts.&ifOutUcastPkts.:public@193.140.0.7:::::3' (warn): Bareword "::::" refers to nonexistent package at (eval 39) line 1. 
2012/07/12 17:00:09 INFO  -2012-07-12 17:00:09: ERROR: Target[mevlana-906-pps][_OUT_] 'ifInUcastPkts.&ifOutUcastPkts.:public@193.140.0.7:::::3' (warn): Bareword "::::" refers to nonexistent package at (eval 40) line 1. 
2012/07/12 17:00:09 INFO Running 193.140.0.4_pps.cfg 
2012/07/12 17:00:10 INFO Running 193.140.0.5_pps.cfg 
